<?xml version="1.0" encoding="UTF-8"?>
<!-- Generated by org.testng.reporters.JUnitXMLReporter -->
<testsuite ignored="0" hostname="DESKTOP-F8PBCD9" failures="1" tests="2" name="Error Validations Test" time="39.393" errors="0" timestamp="2022-12-12T22:32:11 TRT">
  <testcase classname="org.mfk.compound_Tests" name="FillForm_ErrorValidation" time="6.843">
    <failure type="java.lang.AssertionError" message="expected [Please ener your name] but found [Please enter your name]">
      <![CDATA[java.lang.AssertionError: expected [Please ener your name] but found [Please enter your name]
at org.mfk.compound_Tests.FillForm_ErrorValidation(compound_Tests.java:37)
at java.base/java.util.ArrayList.forEach(ArrayList.java:1511)
... Removed 35 stack frames]]>
    </failure>
  </testcase> <!-- FillForm_ErrorValidation -->
  <testcase classname="org.mfk.compound_Tests" name="FillForm_PositiverFlow" time="19.019"/>
</testsuite> <!-- Error Validations Test -->
