-------------------------------------------------------------------------------
Test set: org.mfk.compound_Tests
-------------------------------------------------------------------------------
Tests run: 2, Failures: 1, Errors: 0, Skipped: 0, Time elapsed: 38.452 s <<< FAILURE! - in org.mfk.compound_Tests
FillForm_ErrorValidation(org.mfk.compound_Tests)  Time elapsed: 6.646 s  <<< FAILURE!
java.lang.AssertionError: expected [Please ener your name] but found [Please enter your name]
	at org.mfk.compound_Tests.FillForm_ErrorValidation(compound_Tests.java:41)

