<?xml version="1.0" encoding="UTF-8"?>
<testng-results ignored="0" total="4" passed="3" failed="1" skipped="0">
  <reporter-output>
  </reporter-output>
  <suite started-at="2022-12-12T22:30:33 TRT" name="Suite" finished-at="2022-12-12T22:32:11 TRT" duration-ms="97809">
    <groups>
      <group name="Smoke">
        <method signature="eCommerce_tc_4_Hybrid.Hybrid(java.util.HashMap)[pri:0, instance:org.mfk.eCommerce_tc_4_Hybrid@7133da86]" name="Hybrid" class="org.mfk.eCommerce_tc_4_Hybrid"/>
      </group> <!-- Smoke -->
    </groups>
    <test started-at="2022-12-12T22:30:33 TRT" name="End to end Framework Test" finished-at="2022-12-12T22:31:31 TRT" duration-ms="58120">
      <class name="org.mfk.eCommerce_tc_4_Hybrid">
        <test-method is-config="true" signature="ConfigureAppium()[pri:0, instance:org.mfk.eCommerce_tc_4_Hybrid@7133da86]" started-at="2022-12-12T22:30:33 TRT" name="ConfigureAppium" finished-at="2022-12-12T22:30:47 TRT" duration-ms="14363" status="PASS">
          <reporter-output>
          </reporter-output>
        </test-method> <!-- ConfigureAppium -->
        <test-method is-config="true" signature="preSetup()[pri:0, instance:org.mfk.eCommerce_tc_4_Hybrid@7133da86]" started-at="2022-12-12T22:30:48 TRT" name="preSetup" finished-at="2022-12-12T22:30:49 TRT" duration-ms="1206" status="PASS">
          <reporter-output>
          </reporter-output>
        </test-method> <!-- preSetup -->
        <test-method signature="Hybrid(java.util.HashMap)[pri:0, instance:org.mfk.eCommerce_tc_4_Hybrid@7133da86]" started-at="2022-12-12T22:30:49 TRT" name="Hybrid" data-provider="getData" finished-at="2022-12-12T22:31:10 TRT" duration-ms="21403" status="PASS">
          <params>
            <param index="0">
              <value>
                <![CDATA[{gender=female, name=mfk, country=Australia}]]>
              </value>
            </param>
          </params>
          <reporter-output>
          </reporter-output>
        </test-method> <!-- Hybrid -->
        <test-method is-config="true" signature="preSetup()[pri:0, instance:org.mfk.eCommerce_tc_4_Hybrid@7133da86]" started-at="2022-12-12T22:31:10 TRT" name="preSetup" finished-at="2022-12-12T22:31:11 TRT" duration-ms="964" status="PASS">
          <reporter-output>
          </reporter-output>
        </test-method> <!-- preSetup -->
        <test-method signature="Hybrid(java.util.HashMap)[pri:0, instance:org.mfk.eCommerce_tc_4_Hybrid@7133da86]" started-at="2022-12-12T22:31:11 TRT" name="Hybrid" data-provider="getData" finished-at="2022-12-12T22:31:31 TRT" duration-ms="19747" status="PASS">
          <params>
            <param index="0">
              <value>
                <![CDATA[{gender=male, name=mfkBABA, country=Argentina}]]>
              </value>
            </param>
          </params>
          <reporter-output>
          </reporter-output>
        </test-method> <!-- Hybrid -->
        <test-method is-config="true" signature="tearDown()[pri:0, instance:org.mfk.eCommerce_tc_4_Hybrid@7133da86]" started-at="2022-12-12T22:31:31 TRT" name="tearDown" finished-at="2022-12-12T22:31:31 TRT" duration-ms="232" status="PASS">
          <reporter-output>
          </reporter-output>
        </test-method> <!-- tearDown -->
      </class> <!-- org.mfk.eCommerce_tc_4_Hybrid -->
    </test> <!-- End to end Framework Test -->
    <test started-at="2022-12-12T22:31:31 TRT" name="Error Validations Test" finished-at="2022-12-12T22:32:11 TRT" duration-ms="39393">
      <class name="org.mfk.compound_Tests">
        <test-method is-config="true" signature="ConfigureAppium()[pri:0, instance:org.mfk.compound_Tests@57cf54e1]" started-at="2022-12-12T22:31:31 TRT" name="ConfigureAppium" finished-at="2022-12-12T22:31:42 TRT" duration-ms="10837" status="PASS">
          <reporter-output>
          </reporter-output>
        </test-method> <!-- ConfigureAppium -->
        <test-method is-config="true" signature="preSetup()[pri:0, instance:org.mfk.compound_Tests@57cf54e1]" started-at="2022-12-12T22:31:42 TRT" name="preSetup" finished-at="2022-12-12T22:31:43 TRT" duration-ms="955" status="PASS">
          <reporter-output>
          </reporter-output>
        </test-method> <!-- preSetup -->
        <test-method signature="FillForm_ErrorValidation()[pri:0, instance:org.mfk.compound_Tests@57cf54e1]" started-at="2022-12-12T22:31:43 TRT" name="FillForm_ErrorValidation" finished-at="2022-12-12T22:31:50 TRT" duration-ms="6843" status="FAIL">
          <exception class="java.lang.AssertionError">
            <message>
              <![CDATA[expected [Please ener your name] but found [Please enter your name]]]>
            </message>
            <full-stacktrace>
              <![CDATA[java.lang.AssertionError: expected [Please ener your name] but found [Please enter your name]
at org.testng.Assert.fail(Assert.java:110)
at org.testng.Assert.failNotEquals(Assert.java:1413)
at org.testng.Assert.assertEqualsImpl(Assert.java:149)
at org.testng.Assert.assertEquals(Assert.java:131)
at org.testng.Assert.assertEquals(Assert.java:655)
at org.testng.Assert.assertEquals(Assert.java:665)
at org.mfk.compound_Tests.FillForm_ErrorValidation(compound_Tests.java:37)
at java.base/jdk.internal.reflect.DirectMethodHandleAccessor.invoke(DirectMethodHandleAccessor.java:104)
at java.base/java.lang.reflect.Method.invoke(Method.java:578)
at org.testng.internal.invokers.MethodInvocationHelper.invokeMethod(MethodInvocationHelper.java:139)
at org.testng.internal.invokers.TestInvoker.invokeMethod(TestInvoker.java:677)
at org.testng.internal.invokers.TestInvoker.invokeTestMethod(TestInvoker.java:221)
at org.testng.internal.invokers.MethodRunner.runInSequence(MethodRunner.java:50)
at org.testng.internal.invokers.TestInvoker$MethodInvocationAgent.invoke(TestInvoker.java:962)
at org.testng.internal.invokers.TestInvoker.invokeTestMethods(TestInvoker.java:194)
at org.testng.internal.invokers.TestMethodWorker.invokeTestMethods(TestMethodWorker.java:148)
at org.testng.internal.invokers.TestMethodWorker.run(TestMethodWorker.java:128)
at java.base/java.util.ArrayList.forEach(ArrayList.java:1511)
at org.testng.TestRunner.privateRun(TestRunner.java:806)
at org.testng.TestRunner.run(TestRunner.java:601)
at org.testng.SuiteRunner.runTest(SuiteRunner.java:433)
at org.testng.SuiteRunner.runSequentially(SuiteRunner.java:427)
at org.testng.SuiteRunner.privateRun(SuiteRunner.java:387)
at org.testng.SuiteRunner.run(SuiteRunner.java:330)
at org.testng.SuiteRunnerWorker.runSuite(SuiteRunnerWorker.java:52)
at org.testng.SuiteRunnerWorker.run(SuiteRunnerWorker.java:95)
at org.testng.TestNG.runSuitesSequentially(TestNG.java:1256)
at org.testng.TestNG.runSuitesLocally(TestNG.java:1176)
at org.testng.TestNG.runSuites(TestNG.java:1099)
at org.testng.TestNG.run(TestNG.java:1067)
at org.apache.maven.surefire.testng.TestNGExecutor.run(TestNGExecutor.java:324)
at org.apache.maven.surefire.testng.TestNGXmlTestSuite.execute(TestNGXmlTestSuite.java:74)
at org.apache.maven.surefire.testng.TestNGProvider.invoke(TestNGProvider.java:123)
at org.apache.maven.surefire.booter.ForkedBooter.runSuitesInProcess(ForkedBooter.java:456)
at org.apache.maven.surefire.booter.ForkedBooter.execute(ForkedBooter.java:169)
at org.apache.maven.surefire.booter.ForkedBooter.run(ForkedBooter.java:595)
at org.apache.maven.surefire.booter.ForkedBooter.main(ForkedBooter.java:581)
]]>
            </full-stacktrace>
          </exception> <!-- java.lang.AssertionError -->
          <reporter-output>
          </reporter-output>
        </test-method> <!-- FillForm_ErrorValidation -->
        <test-method is-config="true" signature="preSetup()[pri:0, instance:org.mfk.compound_Tests@57cf54e1]" started-at="2022-12-12T22:31:51 TRT" name="preSetup" finished-at="2022-12-12T22:31:51 TRT" duration-ms="900" status="PASS">
          <reporter-output>
          </reporter-output>
        </test-method> <!-- preSetup -->
        <test-method signature="FillForm_PositiverFlow()[pri:0, instance:org.mfk.compound_Tests@57cf54e1]" started-at="2022-12-12T22:31:51 TRT" name="FillForm_PositiverFlow" finished-at="2022-12-12T22:32:10 TRT" duration-ms="19019" status="PASS">
          <reporter-output>
          </reporter-output>
        </test-method> <!-- FillForm_PositiverFlow -->
        <test-method is-config="true" signature="tearDown()[pri:0, instance:org.mfk.compound_Tests@57cf54e1]" started-at="2022-12-12T22:32:10 TRT" name="tearDown" finished-at="2022-12-12T22:32:11 TRT" duration-ms="257" status="PASS">
          <reporter-output>
          </reporter-output>
        </test-method> <!-- tearDown -->
      </class> <!-- org.mfk.compound_Tests -->
    </test> <!-- Error Validations Test -->
  </suite> <!-- Suite -->
</testng-results>
