<?xml version="1.0" encoding="UTF-8"?>
<testsuite xmlns:xsi="http://www.w3.org/2001/XMLSchema-instance" xsi:noNamespaceSchemaLocation="https://maven.apache.org/surefire/maven-surefire-plugin/xsd/surefire-test-report-3.0.xsd" version="3.0" name="TestSuite" time="98.311" tests="4" errors="0" skipped="0" failures="1">
  <properties>
[...]
</properties>
  <testcase name="Hybrid[{gender=female, name=mfk, country=Australia}](1)" classname="org.mfk.eCommerce_tc_4_Hybrid" time="21.403">
    <system-out><![CDATA[127.0.0.1
&amp#27;[35m[Appium]&amp#27;[39m Welcome to Appium v2.0.0-beta.46
&amp#27;[35m[Appium]&amp#27;[39m Non-default server args:
&amp#27;[35m[Appium]&amp#27;[39m { address: &amp#27;[32m'127.0.0.1'&amp#27;[39m }
&amp#27;[35m[Appium]&amp#27;[39m Attempting to load driver uiautomator2...
[debug] &amp#27;[35m[Appium]&amp#27;[39m Requiring driver at C:\Users\mucah\.appium\node_modules\appium-uiautomator2-driver
&amp#27;[35m[Appium]&amp#27;[39m Appium REST http interface listener started on 127.0.0.1:4723
&amp#27;[35m[Appium]&amp#27;[39m Available drivers:
&amp#27;[35m[Appium]&amp#27;[39m   - uiautomator2@2.11.1 (automationName 'UiAutomator2')
&amp#27;[35m[Appium]&amp#27;[39m No plugins have been installed. Use the "appium plugin" command to install the one(s) you want to use.
&amp#27;[35m[HTTP]&amp#27;[39m &amp#27;[37m-->&amp#27;[39m &amp#27;[37mGET&amp#27;[39m &amp#27;[37m/status&amp#27;[39m
&amp#27;[35m[HTTP]&amp#27;[39m &amp#27;[90m{}&amp#27;[39m
[debug] &amp#27;[35m[AppiumDriver@8155]&amp#27;[39m Calling AppiumDriver.getStatus() with args: []
[debug] &amp#27;[35m[AppiumDriver@8155]&amp#27;[39m Responding to client with driver.getStatus() result: {"build":{"version":"2.0.0-beta.46"}}
&amp#27;[35m[HTTP]&amp#27;[39m &amp#27;[37m<-- GET /status &amp#27;[39m&amp#27;[32m200&amp#27;[39m &amp#27;[90m6 ms - 47&amp#27;[39m
&amp#27;[35m[HTTP]&amp#27;[39m &amp#27;[90m&amp#27;[39m
[debug] &amp#27;[35m[HTTP]&amp#27;[39m Request idempotency key: 307d40b9-dd72-460c-a90d-091caff29835
&amp#27;[35m[HTTP]&amp#27;[39m &amp#27;[37m-->&amp#27;[39m &amp#27;[37mPOST&amp#27;[39m &amp#27;[37m/session&amp#27;[39m
&amp#27;[35m[HTTP]&amp#27;[39m &amp#27;[90m{"capabilities":{"firstMatch":[{}],"alwaysMatch":{"appium:app":"C:\\Users\\mucah\\Desktop\\Yeni klas��r (2)\\workspace\\AppiumFrameworkDesing\\src\\main\\java\\org\\mfk\\resources\\General-Store.apk","appium:automationName":"UIAutomator2","appium:deviceName":"mfkphone","platformName":"android"}}}&amp#27;[39m
[debug] &amp#27;[35m[AppiumDriver@8155]&amp#27;[39m Calling AppiumDriver.createSession() with args: [null,null,{"firstMatch":[{}],"alwaysMatch":{"appium:app":"C:\\Users\\mucah\\Desktop\\Yeni klas��r (2)\\workspace\\AppiumFrameworkDesing\\src\\main\\java\\org\\mfk\\resources\\General-Store.apk","appium:automationName":"UIAutomator2","appium:deviceName":"mfkphone","platformName":"android"}}]
[debug] &amp#27;[35m[AppiumDriver@8155]&amp#27;[39m Event 'newSessionRequested' logged at 1670873440487 (22:30:40 GMT+0300 (GMT+03:00))
&amp#27;[35m[Appium]&amp#27;[39m Attempting to find matching driver for automationName 'UIAutomator2' and platformName 'android'
&amp#27;[35m[Appium]&amp#27;[39m The 'uiautomator2' driver was installed and matched caps.
&amp#27;[35m[Appium]&amp#27;[39m Will require it at C:\Users\mucah\.appium\node_modules\appium-uiautomator2-driver
[debug] &amp#27;[35m[Appium]&amp#27;[39m Requiring driver at C:\Users\mucah\.appium\node_modules\appium-uiautomator2-driver
&amp#27;[35m[AppiumDriver@8155]&amp#27;[39m Appium v2.0.0-beta.46 creating new AndroidUiautomator2Driver (v2.11.1) session
&amp#27;[35m[AppiumDriver@8155]&amp#27;[39m Checking BaseDriver versions for Appium and AndroidUiautomator2Driver
&amp#27;[35m[AppiumDriver@8155]&amp#27;[39m Appium's BaseDriver version is 8.7.3
&amp#27;[35m[AppiumDriver@8155]&amp#27;[39m AndroidUiautomator2Driver's BaseDriver version is 8.7.3
[debug] &amp#27;[35m[AndroidUiautomator2Driver@bede]&amp#27;[39m Creating session with W3C capabilities: {
[debug] &amp#27;[35m[AndroidUiautomator2Driver@bede]&amp#27;[39m   "alwaysMatch": {
[debug] &amp#27;[35m[AndroidUiautomator2Driver@bede]&amp#27;[39m     "platformName": "android",
[debug] &amp#27;[35m[AndroidUiautomator2Driver@bede]&amp#27;[39m     "appium:app": "C:\\Users\\mucah\\Desktop\\Yeni klas��r (2)\\workspace\\AppiumFrameworkDesing\\src\\main\\java\\org\\mfk\\resources\\General-Store.apk",
[debug] &amp#27;[35m[AndroidUiautomator2Driver@bede]&amp#27;[39m     "appium:automationName": "UIAutomator2",
[debug] &amp#27;[35m[AndroidUiautomator2Driver@bede]&amp#27;[39m     "appium:deviceName": "mfkphone"
[debug] &amp#27;[35m[AndroidUiautomator2Driver@bede]&amp#27;[39m   },
[debug] &amp#27;[35m[AndroidUiautomator2Driver@bede]&amp#27;[39m   "firstMatch": [
[debug] &amp#27;[35m[AndroidUiautomator2Driver@bede]&amp#27;[39m     {}
[debug] &amp#27;[35m[AndroidUiautomator2Driver@bede]&amp#27;[39m   ]
[debug] &amp#27;[35m[AndroidUiautomator2Driver@bede]&amp#27;[39m }
&amp#27;[35m[AndroidUiautomator2Driver@bede (c6e644eb)]&amp#27;[39m Session created with session id: c6e644eb-1487-4c33-9ceb-de3804b0e476
&amp#27;[35m[BaseDriver]&amp#27;[39m Using local app 'C:\Users\mucah\Desktop\Yeni klas��r (2)\workspace\AppiumFrameworkDesing\src\main\java\org\mfk\resources\General-Store.apk'
[debug] &amp#27;[35m[AndroidUiautomator2Driver@bede (c6e644eb)]&amp#27;[39m Checking whether app is actually present
&amp#27;[35m[ADB]&amp#27;[39m Found 2 'build-tools' folders under 'C:\Users\mucah\AppData\Local\Android\Sdk' (newest first):
&amp#27;[35m[ADB]&amp#27;[39m     C:/Users/mucah/AppData/Local/Android/Sdk/build-tools/33.0.1
&amp#27;[35m[ADB]&amp#27;[39m     C:/Users/mucah/AppData/Local/Android/Sdk/build-tools/30.0.3
&amp#27;[35m[ADB]&amp#27;[39m Using 'adb.exe' from 'C:\Users\mucah\AppData\Local\Android\Sdk\platform-tools\adb.exe'
[debug] &amp#27;[35m[ADB]&amp#27;[39m Running 'C:\Users\mucah\AppData\Local\Android\Sdk\platform-tools\adb.exe -P 5037 start-server'
&amp#27;[35m[AndroidDriver]&amp#27;[39m Retrieving device list
[debug] &amp#27;[35m[ADB]&amp#27;[39m Trying to find a connected android device
[debug] &amp#27;[35m[ADB]&amp#27;[39m Getting connected devices
[debug] &amp#27;[35m[ADB]&amp#27;[39m Connected devices: [{"udid":"emulator-5554","state":"device"}]
&amp#27;[35m[AndroidDriver]&amp#27;[39m Using device: emulator-5554
&amp#27;[35m[ADB]&amp#27;[39m Using 'adb.exe' from 'C:\Users\mucah\AppData\Local\Android\Sdk\platform-tools\adb.exe'
[debug] &amp#27;[35m[ADB]&amp#27;[39m Running 'C:\Users\mucah\AppData\Local\Android\Sdk\platform-tools\adb.exe -P 5037 start-server'
[debug] &amp#27;[35m[ADB]&amp#27;[39m Setting device id to emulator-5554
[debug] &amp#27;[35m[ADB]&amp#27;[39m Running 'C:\Users\mucah\AppData\Local\Android\Sdk\platform-tools\adb.exe -P 5037 -s emulator-5554 shell getprop ro.build.version.sdk'
[debug] &amp#27;[35m[ADB]&amp#27;[39m Current device property 'ro.build.version.sdk': 33
&amp#27;[35m[ADB]&amp#27;[39m Getting device platform version
[debug] &amp#27;[35m[ADB]&amp#27;[39m Running 'C:\Users\mucah\AppData\Local\Android\Sdk\platform-tools\adb.exe -P 5037 -s emulator-5554 shell getprop ro.build.version.release'
[debug] &amp#27;[35m[ADB]&amp#27;[39m Current device property 'ro.build.version.release': 13
[debug] &amp#27;[35m[ADB]&amp#27;[39m Device API level: 33
&amp#27;[35m[AndroidUiautomator2Driver@bede (c6e644eb)]&amp#27;[39m Relaxing hidden api policy
[debug] &amp#27;[35m[ADB]&amp#27;[39m Running 'C:\Users\mucah\AppData\Local\Android\Sdk\platform-tools\adb.exe -P 5037 -s emulator-5554 shell 'settings put global hidden_api_policy_pre_p_apps 1;settings put global hidden_api_policy_p_apps 1;settings put global hidden_api_policy 1''
[debug] &amp#27;[35m[AndroidDriver]&amp#27;[39m Parsing package and activity from app manifest
&amp#27;[35m[ADB]&amp#27;[39m Package name: 'com.androidsample.generalstore'
&amp#27;[35m[ADB]&amp#27;[39m Main activity name: 'com.androidsample.generalstore.SplashActivity'
[debug] &amp#27;[35m[AndroidDriver]&amp#27;[39m Parsed package and activity are: com.androidsample.generalstore/com.androidsample.generalstore.SplashActivity
[debug] &amp#27;[35m[ADB]&amp#27;[39m Running 'C:\Users\mucah\AppData\Local\Android\Sdk\platform-tools\adb.exe -P 5037 -s emulator-5554 wait-for-device'
[debug] &amp#27;[35m[ADB]&amp#27;[39m Running 'C:\Users\mucah\AppData\Local\Android\Sdk\platform-tools\adb.exe -P 5037 -s emulator-5554 shell echo ping'
[debug] &amp#27;[35m[AndroidDriver]&amp#27;[39m Pushing settings apk to device...
[debug] &amp#27;[35m[ADB]&amp#27;[39m Getting install status for io.appium.settings
[debug] &amp#27;[35m[ADB]&amp#27;[39m Running 'C:\Users\mucah\AppData\Local\Android\Sdk\platform-tools\adb.exe -P 5037 -s emulator-5554 shell dumpsys package io.appium.settings'
[debug] &amp#27;[35m[ADB]&amp#27;[39m 'io.appium.settings' is installed
[debug] &amp#27;[35m[ADB]&amp#27;[39m Getting package info for 'io.appium.settings'
[debug] &amp#27;[35m[ADB]&amp#27;[39m Running 'C:\Users\mucah\AppData\Local\Android\Sdk\platform-tools\adb.exe -P 5037 -s emulator-5554 shell dumpsys package io.appium.settings'
[debug] &amp#27;[35m[ADB]&amp#27;[39m The version name of the installed 'io.appium.settings' is greater or equal to the application version name ('4.2.4' >= '4.2.4')
[debug] &amp#27;[35m[ADB]&amp#27;[39m There is no need to install/upgrade 'C:\Users\mucah\.appium\node_modules\appium-uiautomator2-driver\node_modules\io.appium.settings\apks\settings_apk-debug.apk'
[debug] &amp#27;[35m[ADB]&amp#27;[39m Getting IDs of all 'io.appium.settings' processes
[debug] &amp#27;[35m[ADB]&amp#27;[39m Running 'C:\Users\mucah\AppData\Local\Android\Sdk\platform-tools\adb.exe -P 5037 -s emulator-5554 shell 'pgrep --help; echo $?''
[debug] &amp#27;[35m[ADB]&amp#27;[39m Running 'C:\Users\mucah\AppData\Local\Android\Sdk\platform-tools\adb.exe -P 5037 -s emulator-5554 shell pgrep -f \(\[\[:blank:\]\]\|\^\)io\.appium\.settings\(\[\[:blank:\]\]\|\$\)'
[debug] &amp#27;[35m[ADB]&amp#27;[39m Running 'C:\Users\mucah\AppData\Local\Android\Sdk\platform-tools\adb.exe -P 5037 -s emulator-5554 shell appops set io.appium.settings PROJECT_MEDIA allow'
[debug] &amp#27;[35m[ADB]&amp#27;[39m Getting IDs of all 'io.appium.settings' processes
[debug] &amp#27;[35m[ADB]&amp#27;[39m Running 'C:\Users\mucah\AppData\Local\Android\Sdk\platform-tools\adb.exe -P 5037 -s emulator-5554 shell pgrep -f \(\[\[:blank:\]\]\|\^\)io\.appium\.settings\(\[\[:blank:\]\]\|\$\)'
[debug] &amp#27;[35m[ADB]&amp#27;[39m Starting Appium Settings app
[debug] &amp#27;[35m[ADB]&amp#27;[39m Running 'C:\Users\mucah\AppData\Local\Android\Sdk\platform-tools\adb.exe -P 5037 -s emulator-5554 shell am start -n io.appium.settings/.Settings -a android.intent.action.MAIN -c android.intent.category.LAUNCHER'
[debug] &amp#27;[35m[ADB]&amp#27;[39m Getting IDs of all 'io.appium.settings' processes
[debug] &amp#27;[35m[ADB]&amp#27;[39m Running 'C:\Users\mucah\AppData\Local\Android\Sdk\platform-tools\adb.exe -P 5037 -s emulator-5554 shell pgrep -f \(\[\[:blank:\]\]\|\^\)io\.appium\.settings\(\[\[:blank:\]\]\|\$\)'
[debug] &amp#27;[35m[ADB]&amp#27;[39m Getting IDs of all 'io.appium.settings' processes
[debug] &amp#27;[35m[ADB]&amp#27;[39m Running 'C:\Users\mucah\AppData\Local\Android\Sdk\platform-tools\adb.exe -P 5037 -s emulator-5554 shell pgrep -f \(\[\[:blank:\]\]\|\^\)io\.appium\.settings\(\[\[:blank:\]\]\|\$\)'
[debug] &amp#27;[35m[Logcat]&amp#27;[39m Starting logs capture with command: C:\\Users\\mucah\\AppData\\Local\\Android\\Sdk\\platform-tools\\adb.exe -P 5037 -s emulator-5554 logcat -v threadtime
[debug] &amp#27;[35m[AndroidUiautomator2Driver@bede (c6e644eb)]&amp#27;[39m Forwarding UiAutomator2 Server port 6790 to local port 8200
[debug] &amp#27;[35m[ADB]&amp#27;[39m Forwarding system: 8200 to device: 6790
[debug] &amp#27;[35m[ADB]&amp#27;[39m Running 'C:\Users\mucah\AppData\Local\Android\Sdk\platform-tools\adb.exe -P 5037 -s emulator-5554 forward tcp:8200 tcp:6790'
[debug] &amp#27;[35m[ADB]&amp#27;[39m Getting install status for io.appium.uiautomator2.server
[debug] &amp#27;[35m[ADB]&amp#27;[39m Running 'C:\Users\mucah\AppData\Local\Android\Sdk\platform-tools\adb.exe -P 5037 -s emulator-5554 shell dumpsys package io.appium.uiautomator2.server'
[debug] &amp#27;[35m[ADB]&amp#27;[39m 'io.appium.uiautomator2.server' is installed
[debug] &amp#27;[35m[ADB]&amp#27;[39m Getting package info for 'io.appium.uiautomator2.server'
[debug] &amp#27;[35m[ADB]&amp#27;[39m Running 'C:\Users\mucah\AppData\Local\Android\Sdk\platform-tools\adb.exe -P 5037 -s emulator-5554 shell dumpsys package io.appium.uiautomator2.server'
[debug] &amp#27;[35m[ADB]&amp#27;[39m The version name of the installed 'io.appium.uiautomator2.server' is greater or equal to the application version name ('5.7.5' >= '5.7.5')
[debug] &amp#27;[35m[AndroidUiautomator2Driver@bede (c6e644eb)]&amp#27;[39m io.appium.uiautomator2.server installation state: sameVersionInstalled
[debug] &amp#27;[35m[ADB]&amp#27;[39m Checking app cert for C:\Users\mucah\.appium\node_modules\appium-uiautomator2-driver\node_modules\appium-uiautomator2-server\apks\appium-uiautomator2-server-v5.7.5.apk
&amp#27;[35m[ADB]&amp#27;[39m Using 'apksigner.jar' from 'C:\Users\mucah\AppData\Local\Android\Sdk\build-tools\33.0.1\lib\apksigner.jar'
[debug] &amp#27;[35m[ADB]&amp#27;[39m Starting apksigner: 'C:\\Program Files\\Java\\jdk-19\\bin\\java.exe' -Xmx1024M -Xss1m -jar C:\\Users\\mucah\\AppData\\Local\\Android\\Sdk\\build-tools\\33.0.1\\lib\\apksigner.jar verify --print-certs C:\\Users\\mucah\\.appium\\node_modules\\appium-uiautomator2-driver\\node_modules\\appium-uiautomator2-server\\apks\\appium-uiautomator2-server-v5.7.5.apk
[debug] &amp#27;[35m[ADB]&amp#27;[39m apksigner stdout: Signer #1 certificate DN: EMAILADDRESS=android@android.com, CN=Android, OU=Android, O=Android, L=Mountain View, ST=California, C=US
[debug] &amp#27;[35m[ADB]&amp#27;[39m Signer #1 certificate SHA-256 digest: a40da80a59d170caa950cf15c18c454d47a39b26989d8b640ecd745ba71bf5dc
[debug] &amp#27;[35m[ADB]&amp#27;[39m Signer #1 certificate SHA-1 digest: 61ed377e85d386a8dfee6b864bd85b0bfaa5af81
[debug] &amp#27;[35m[ADB]&amp#27;[39m Signer #1 certificate MD5 digest: e89b158e4bcf988ebd09eb83f5378e87
[debug] &amp#27;[35m[ADB]&amp#27;[39m 
[debug] &amp#27;[35m[ADB]&amp#27;[39m sha256 hash did match for 'appium-uiautomator2-server-v5.7.5.apk'
&amp#27;[35m[ADB]&amp#27;[39m 'C:\Users\mucah\.appium\node_modules\appium-uiautomator2-driver\node_modules\appium-uiautomator2-server\apks\appium-uiautomator2-server-v5.7.5.apk' is signed with the default certificate
[debug] &amp#27;[35m[ADB]&amp#27;[39m Getting install status for io.appium.uiautomator2.server.test
[debug] &amp#27;[35m[ADB]&amp#27;[39m Running 'C:\Users\mucah\AppData\Local\Android\Sdk\platform-tools\adb.exe -P 5037 -s emulator-5554 shell dumpsys package io.appium.uiautomator2.server.test'
[debug] &amp#27;[35m[ADB]&amp#27;[39m 'io.appium.uiautomator2.server.test' is installed
[debug] &amp#27;[35m[ADB]&amp#27;[39m Checking app cert for C:\Users\mucah\.appium\node_modules\appium-uiautomator2-driver\node_modules\appium-uiautomator2-server\apks\appium-uiautomator2-server-debug-androidTest.apk
[debug] &amp#27;[35m[ADB]&amp#27;[39m Starting apksigner: 'C:\\Program Files\\Java\\jdk-19\\bin\\java.exe' -Xmx1024M -Xss1m -jar C:\\Users\\mucah\\AppData\\Local\\Android\\Sdk\\build-tools\\33.0.1\\lib\\apksigner.jar verify --print-certs C:\\Users\\mucah\\.appium\\node_modules\\appium-uiautomator2-driver\\node_modules\\appium-uiautomator2-server\\apks\\appium-uiautomator2-server-debug-androidTest.apk
[debug] &amp#27;[35m[ADB]&amp#27;[39m apksigner stdout: Signer #1 certificate DN: EMAILADDRESS=android@android.com, CN=Android, OU=Android, O=Android, L=Mountain View, ST=California, C=US
[debug] &amp#27;[35m[ADB]&amp#27;[39m Signer #1 certificate SHA-256 digest: a40da80a59d170caa950cf15c18c454d47a39b26989d8b640ecd745ba71bf5dc
[debug] &amp#27;[35m[ADB]&amp#27;[39m Signer #1 certificate SHA-1 digest: 61ed377e85d386a8dfee6b864bd85b0bfaa5af81
[debug] &amp#27;[35m[ADB]&amp#27;[39m Signer #1 certificate MD5 digest: e89b158e4bcf988ebd09eb83f5378e87
[debug] &amp#27;[35m[ADB]&amp#27;[39m 
[debug] &amp#27;[35m[ADB]&amp#27;[39m sha256 hash did match for 'appium-uiautomator2-server-debug-androidTest.apk'
&amp#27;[35m[ADB]&amp#27;[39m 'C:\Users\mucah\.appium\node_modules\appium-uiautomator2-driver\node_modules\appium-uiautomator2-server\apks\appium-uiautomator2-server-debug-androidTest.apk' is signed with the default certificate
&amp#27;[35m[AndroidUiautomator2Driver@bede (c6e644eb)]&amp#27;[39m Server packages are not going to be (re)installed
[debug] &amp#27;[35m[AndroidUiautomator2Driver@bede (c6e644eb)]&amp#27;[39m Waiting up to 30000ms for services to be available
[debug] &amp#27;[35m[ADB]&amp#27;[39m Running 'C:\Users\mucah\AppData\Local\Android\Sdk\platform-tools\adb.exe -P 5037 -s emulator-5554 shell pm list instrumentation'
[debug] &amp#27;[35m[AndroidUiautomator2Driver@bede (c6e644eb)]&amp#27;[39m Instrumentation target 'io.appium.uiautomator2.server.test/androidx.test.runner.AndroidJUnitRunner' is available
&amp#27;[35m[ADB]&amp#27;[39m Adding packages ["io.appium.settings","io.appium.uiautomator2.server","io.appium.uiautomator2.server.test"] to Doze whitelist
[debug] &amp#27;[35m[ADB]&amp#27;[39m Got the following command chunks to execute: [["dumpsys","deviceidle","whitelist","+io.appium.settings",";","dumpsys","deviceidle","whitelist","+io.appium.uiautomator2.server",";","dumpsys","deviceidle","whitelist","+io.appium.uiautomator2.server.test",";"]]
[debug] &amp#27;[35m[ADB]&amp#27;[39m Running 'C:\Users\mucah\AppData\Local\Android\Sdk\platform-tools\adb.exe -P 5037 -s emulator-5554 shell dumpsys deviceidle whitelist +io.appium.settings ; dumpsys deviceidle whitelist +io.appium.uiautomator2.server ; dumpsys deviceidle whitelist +io.appium.uiautomator2.server.test ;'
[debug] &amp#27;[35m[ADB]&amp#27;[39m Checking app cert for C:\Users\mucah\Desktop\Yeni klas��r (2)\workspace\AppiumFrameworkDesing\src\main\java\org\mfk\resources\General-Store.apk
[debug] &amp#27;[35m[ADB]&amp#27;[39m Starting apksigner: 'C:\\Program Files\\Java\\jdk-19\\bin\\java.exe' -Xmx1024M -Xss1m -jar C:\\Users\\mucah\\AppData\\Local\\Android\\Sdk\\build-tools\\33.0.1\\lib\\apksigner.jar verify --print-certs 'C:\\Users\\mucah\\Desktop\\Yeni klas��r (2)\\workspace\\AppiumFrameworkDesing\\src\\main\\java\\org\\mfk\\resources\\General-Store.apk'
[debug] &amp#27;[35m[ADB]&amp#27;[39m apksigner stdout: Signer #1 certificate DN: C=US, O=Android, CN=Android Debug
[debug] &amp#27;[35m[ADB]&amp#27;[39m Signer #1 certificate SHA-256 digest: f5f5931c019be6bff8a26255f76ae9ef8a8e631d2a702ec10e91110231549eef
[debug] &amp#27;[35m[ADB]&amp#27;[39m Signer #1 certificate SHA-1 digest: b250161db8b5d0a1bd39154c9fd749bdad79c1a3
[debug] &amp#27;[35m[ADB]&amp#27;[39m Signer #1 certificate MD5 digest: 7a5550323d84472ca25a0861c63e0a6c
[debug] &amp#27;[35m[ADB]&amp#27;[39m 
&amp#27;[35m[ADB]&amp#27;[39m 'C:\Users\mucah\Desktop\Yeni klas��r (2)\workspace\AppiumFrameworkDesing\src\main\java\org\mfk\resources\General-Store.apk' is signed with a non-default certificate
[debug] &amp#27;[35m[ADB]&amp#27;[39m Getting install status for com.androidsample.generalstore
[debug] &amp#27;[35m[ADB]&amp#27;[39m Running 'C:\Users\mucah\AppData\Local\Android\Sdk\platform-tools\adb.exe -P 5037 -s emulator-5554 shell dumpsys package com.androidsample.generalstore'
[debug] &amp#27;[35m[ADB]&amp#27;[39m 'com.androidsample.generalstore' is installed
[debug] &amp#27;[35m[ADB]&amp#27;[39m Getting package info for 'com.androidsample.generalstore'
[debug] &amp#27;[35m[ADB]&amp#27;[39m Running 'C:\Users\mucah\AppData\Local\Android\Sdk\platform-tools\adb.exe -P 5037 -s emulator-5554 shell dumpsys package com.androidsample.generalstore'
[debug] &amp#27;[35m[ADB]&amp#27;[39m The version name of the installed 'com.androidsample.generalstore' is greater or equal to the application version name ('1.0.0' >= '1.0.0')
[debug] &amp#27;[35m[ADB]&amp#27;[39m There is no need to install/upgrade 'C:\Users\mucah\Desktop\Yeni klas��r (2)\workspace\AppiumFrameworkDesing\src\main\java\org\mfk\resources\General-Store.apk'
&amp#27;[35m[AndroidDriver]&amp#27;[39m Performing fast reset on 'com.androidsample.generalstore'
[debug] &amp#27;[35m[ADB]&amp#27;[39m Getting install status for com.androidsample.generalstore
[debug] &amp#27;[35m[ADB]&amp#27;[39m Running 'C:\Users\mucah\AppData\Local\Android\Sdk\platform-tools\adb.exe -P 5037 -s emulator-5554 shell dumpsys package com.androidsample.generalstore'
[debug] &amp#27;[35m[ADB]&amp#27;[39m 'com.androidsample.generalstore' is installed
[debug] &amp#27;[35m[ADB]&amp#27;[39m Running 'C:\Users\mucah\AppData\Local\Android\Sdk\platform-tools\adb.exe -P 5037 -s emulator-5554 shell am force-stop com.androidsample.generalstore'
[debug] &amp#27;[35m[ADB]&amp#27;[39m Running 'C:\Users\mucah\AppData\Local\Android\Sdk\platform-tools\adb.exe -P 5037 -s emulator-5554 shell pm clear com.androidsample.generalstore'
[debug] &amp#27;[35m[AndroidDriver]&amp#27;[39m Performed fast reset on the installed 'com.androidsample.generalstore' application (stop and clear)
[debug] &amp#27;[35m[AndroidUiautomator2Driver@bede (c6e644eb)]&amp#27;[39m Performing shallow cleanup of automation leftovers
[debug] &amp#27;[35m[AndroidUiautomator2Driver@bede (c6e644eb)]&amp#27;[39m No obsolete sessions have been detected (socket hang up)
[debug] &amp#27;[35m[ADB]&amp#27;[39m Running 'C:\Users\mucah\AppData\Local\Android\Sdk\platform-tools\adb.exe -P 5037 -s emulator-5554 shell am force-stop io.appium.uiautomator2.server.test'
&amp#27;[35m[AndroidUiautomator2Driver@bede (c6e644eb)]&amp#27;[39m Starting UIAutomator2 server 5.7.5
&amp#27;[35m[AndroidUiautomator2Driver@bede (c6e644eb)]&amp#27;[39m Using UIAutomator2 server from 'C:\Users\mucah\.appium\node_modules\appium-uiautomator2-driver\node_modules\appium-uiautomator2-server\apks\appium-uiautomator2-server-v5.7.5.apk' and test from 'C:\Users\mucah\.appium\node_modules\appium-uiautomator2-driver\node_modules\appium-uiautomator2-server\apks\appium-uiautomator2-server-debug-androidTest.apk'
&amp#27;[35m[AndroidUiautomator2Driver@bede (c6e644eb)]&amp#27;[39m Waiting up to 30000ms for UiAutomator2 to be online...
[debug] &amp#27;[35m[ADB]&amp#27;[39m Creating ADB subprocess with args: ["-P",5037,"-s","emulator-5554","shell","am","instrument","-w","-e","disableAnalytics",true,"io.appium.uiautomator2.server.test/androidx.test.runner.AndroidJUnitRunner"]
[debug] &amp#27;[35m[AndroidUiautomator2Driver@bede (c6e644eb)]&amp#27;[39m Matched '/status' to command name 'getStatus'
[debug] &amp#27;[35m[AndroidUiautomator2Driver@bede (c6e644eb)]&amp#27;[39m Proxying [GET /status] to [GET http://127.0.0.1:8200/status] with no body
&amp#27;[35m[AndroidUiautomator2Driver@bede (c6e644eb)]&amp#27;[39m socket hang up
[debug] &amp#27;[35m[AndroidUiautomator2Driver@bede (c6e644eb)]&amp#27;[39m Matched '/status' to command name 'getStatus'
[debug] &amp#27;[35m[AndroidUiautomator2Driver@bede (c6e644eb)]&amp#27;[39m Proxying [GET /status] to [GET http://127.0.0.1:8200/status] with no body
&amp#27;[35m[AndroidUiautomator2Driver@bede (c6e644eb)]&amp#27;[39m socket hang up
[debug] &amp#27;[35m[Instrumentation]&amp#27;[39m io.appium.uiautomator2.server.test.AppiumUiAutomator2Server:
[debug] &amp#27;[35m[AndroidUiautomator2Driver@bede (c6e644eb)]&amp#27;[39m Matched '/status' to command name 'getStatus'
[debug] &amp#27;[35m[AndroidUiautomator2Driver@bede (c6e644eb)]&amp#27;[39m Proxying [GET /status] to [GET http://127.0.0.1:8200/status] with no body
&amp#27;[35m[AndroidUiautomator2Driver@bede (c6e644eb)]&amp#27;[39m socket hang up
[debug] &amp#27;[35m[AndroidUiautomator2Driver@bede (c6e644eb)]&amp#27;[39m Matched '/status' to command name 'getStatus'
[debug] &amp#27;[35m[AndroidUiautomator2Driver@bede (c6e644eb)]&amp#27;[39m Proxying [GET /status] to [GET http://127.0.0.1:8200/status] with no body
[debug] &amp#27;[35m[AndroidUiautomator2Driver@bede (c6e644eb)]&amp#27;[39m Got response with status 200: {"sessionId":"None","value":{"message":"UiAutomator2 Server is ready to accept commands","ready":true}}
[debug] &amp#27;[35m[AndroidUiautomator2Driver@bede (c6e644eb)]&amp#27;[39m The initialization of the instrumentation process took 3127ms
[debug] &amp#27;[35m[AndroidUiautomator2Driver@bede (c6e644eb)]&amp#27;[39m Matched '/session' to command name 'createSession'
[debug] &amp#27;[35m[AndroidUiautomator2Driver@bede (c6e644eb)]&amp#27;[39m Proxying [POST /session] to [POST http://127.0.0.1:8200/session] with body: {"capabilities":{"firstMatch":[{"platform":"LINUX","webStorageEnabled":false,"takesScreenshot":true,"javascriptEnabled":true,"databaseEnabled":false,"networkConnectionEnabled":true,"locationContextEnabled":false,"warnings":{},"desired":{"platformName":"android","app":"C:\\Users\\mucah\\Desktop\\Yeni klas��r (2)\\workspace\\AppiumFrameworkDesing\\src\\main\\java\\org\\mfk\\resources\\General-Store.apk","automationName":"UIAutomator2","deviceName":"mfkphone"},"platformName":"android","app":"C:\\Users\\mucah\\Desktop\\Yeni klas��r (2)\\workspace\\AppiumFrameworkDesing\\src\\main\\java\\org\\mfk\\resources\\General-Store.apk","automationName":"UIAutomator2","deviceName":"emulator-5554","deviceUDID":"emulator-5554","appPackage":"com.androidsample.generalstore"}],"alwaysMatch":{}}}
[debug] &amp#27;[35m[AndroidUiautomator2Driver@bede (c6e644eb)]&amp#27;[39m Got response with status 200: {"sessionId":"ed477f99-b2e6-4b3b-9c85-dc45042dd7bd","value":{"capabilities":{"firstMatch":[{"platform":"LINUX","webStorageEnabled":false,"takesScreenshot":true,"javascriptEnabled":true,"databaseEnabled":false,"networkConnectionEnabled":true,"locationContextEnabled":false,"warnings":{},"desired":{"platformName":"android","app":"C:\\Users\\mucah\\Desktop\\Yeni klas��r (2)\\workspace\\AppiumFrameworkDesing\\src\\main\\java\\org\\mfk\\resources\\General-Store.apk","automationName":"UIAutomator2","deviceName":"mfkphone"},"platformName":"android","app":"C:\\Users\\mucah\\Desktop\\Yeni klas��r (2)\\workspace\\AppiumFrameworkDesing\\src\\main\\java\\org\\mfk\\resources\\General-Store.apk","automationName":"UIAutomator2","deviceName":"emulator-5554","deviceUDID":"emulator-5554","appPackage":"com.androidsample.generalstore"}],"alwaysMatch":{}},"sessionId":"ed477f99-b2e6-4b3b-9c85-dc45042dd7bd"}}
&amp#27;[35m[AndroidUiautomator2Driver@bede (c6e644eb)]&amp#27;[39m Determined the downstream protocol as 'W3C'
[debug] &amp#27;[35m[AndroidUiautomator2Driver@bede (c6e644eb)]&amp#27;[39m Proxying [GET /appium/device/info] to [GET http://127.0.0.1:8200/session/ed477f99-b2e6-4b3b-9c85-dc45042dd7bd/appium/device/info] with no body
[debug] &amp#27;[35m[AndroidUiautomator2Driver@bede (c6e644eb)]&amp#27;[39m Got response with status 200: {"sessionId":"ed477f99-b2e6-4b3b-9c85-dc45042dd7bd","value":{"androidId":"056a78b26b14de0d","apiVersion":"33","bluetooth":{"state":"ON"},"brand":"google","carrierName":"T-Mobile","displayDensity":420,"locale":"en_US","manufacturer":"Google","model":"sdk_gphone64_x86_64","networks":[{"capabilities":{"SSID":null,"linkDownBandwidthKbps":30000,"linkUpstreamBandwidthKbps":15000,"networkCapabilities":"NET_CAPABILITY_MMS,NET_CAPABILITY_SUPL,NET_CAPABILITY_DUN,NET_CAPABILITY_FOTA,NET_CAPABILITY_IMS,NET_CAPABILITY_CBS,NET_CAPABILITY_INTERNET,NET_CAPABILITY_NOT_RESTRICTED,NET_CAPABILITY_TRUSTED,NET_CAPABILITY_NOT_VPN,NET_CAPABILITY_VALIDATED,NET_CAPABILITY_NOT_ROAMING,NET_CAPABILITY_NOT_CONGESTED,NET_CAPABILITY_NOT_SUSPENDED","signalStrength":-2147483648,"transportTypes":"TRANSPORT_CELLULAR"},"detailedState":"CONNECTED","extraInfo":"epc.tmobile.com","isAvailable":true,"isConnected":true,"isFailover":false,"isRoaming":false,"state":"CONNECTED","subtype":10,"subtypeName":"HSPA","type":0,"typeName":"MOBILE"},{"capabili...
[debug] &amp#27;[35m[ADB]&amp#27;[39m Running 'C:\Users\mucah\AppData\Local\Android\Sdk\platform-tools\adb.exe -P 5037 -s emulator-5554 shell dumpsys window'
&amp#27;[35m[AndroidDriver]&amp#27;[39m Screen already unlocked, doing nothing
&amp#27;[35m[AndroidUiautomator2Driver@bede (c6e644eb)]&amp#27;[39m Starting 'com.androidsample.generalstore/com.androidsample.generalstore.SplashActivity and waiting for 'com.androidsample.generalstore/com.androidsample.generalstore.SplashActivity'
[debug] &amp#27;[35m[ADB]&amp#27;[39m Running 'C:\Users\mucah\AppData\Local\Android\Sdk\platform-tools\adb.exe -P 5037 -s emulator-5554 shell am start -W -n com.androidsample.generalstore/com.androidsample.generalstore.SplashActivity -S -a android.intent.action.MAIN -c android.intent.category.LAUNCHER -f 0x10200000'
[debug] &amp#27;[35m[ADB]&amp#27;[39m Waiting up to 20000ms for activity matching pkg: 'com.androidsample.generalstore' and activity: 'com.androidsample.generalstore.SplashActivity' to be focused
[debug] &amp#27;[35m[ADB]&amp#27;[39m Possible activities, to be checked: 'com.androidsample.generalstore.SplashActivity', 'com.androidsample.generalstore.com.androidsample.generalstore.SplashActivity'
[debug] &amp#27;[35m[ADB]&amp#27;[39m Getting focused package and activity
[debug] &amp#27;[35m[ADB]&amp#27;[39m Running 'C:\Users\mucah\AppData\Local\Android\Sdk\platform-tools\adb.exe -P 5037 -s emulator-5554 shell dumpsys window displays'
[debug] &amp#27;[35m[ADB]&amp#27;[39m Found package: 'com.androidsample.generalstore' and fully qualified activity name : 'com.androidsample.generalstore.SplashActivity'
[debug] &amp#27;[35m[AndroidUiautomator2Driver@bede (c6e644eb)]&amp#27;[39m Proxying [GET /appium/device/pixel_ratio] to [GET http://127.0.0.1:8200/session/ed477f99-b2e6-4b3b-9c85-dc45042dd7bd/appium/device/pixel_ratio] with no body
[debug] &amp#27;[35m[AndroidUiautomator2Driver@bede (c6e644eb)]&amp#27;[39m Got response with status 200: {"sessionId":"ed477f99-b2e6-4b3b-9c85-dc45042dd7bd","value":2.625}
[debug] &amp#27;[35m[AndroidUiautomator2Driver@bede (c6e644eb)]&amp#27;[39m Matched '/appium/device/system_bars' to command name 'getSystemBars'
[debug] &amp#27;[35m[AndroidUiautomator2Driver@bede (c6e644eb)]&amp#27;[39m Proxying [GET /appium/device/system_bars] to [GET http://127.0.0.1:8200/session/ed477f99-b2e6-4b3b-9c85-dc45042dd7bd/appium/device/system_bars] with no body
[debug] &amp#27;[35m[AndroidUiautomator2Driver@bede (c6e644eb)]&amp#27;[39m Got response with status 200: {"sessionId":"ed477f99-b2e6-4b3b-9c85-dc45042dd7bd","value":{"statusBar":63}}
[debug] &amp#27;[35m[AndroidUiautomator2Driver@bede (c6e644eb)]&amp#27;[39m Matched '/window/current/size' to command name 'getWindowSize'
[debug] &amp#27;[35m[AndroidUiautomator2Driver@bede (c6e644eb)]&amp#27;[39m Proxying [GET /window/current/size] to [GET http://127.0.0.1:8200/session/ed477f99-b2e6-4b3b-9c85-dc45042dd7bd/window/current/size] with no body
[debug] &amp#27;[35m[AndroidUiautomator2Driver@bede (c6e644eb)]&amp#27;[39m Got response with status 200: {"sessionId":"ed477f99-b2e6-4b3b-9c85-dc45042dd7bd","value":{"height":1857,"width":1080}}
&amp#27;[35m[AppiumDriver@8155]&amp#27;[39m New AndroidUiautomator2Driver session created successfully, session c6e644eb-1487-4c33-9ceb-de3804b0e476 added to master session list
[debug] &amp#27;[35m[AppiumDriver@8155]&amp#27;[39m Event 'newSessionStarted' logged at 1670873447734 (22:30:47 GMT+0300 (GMT+03:00))
[debug] &amp#27;[35m[AndroidUiautomator2Driver@bede (c6e644eb)]&amp#27;[39m Cached the protocol value 'W3C' for the new session c6e644eb-1487-4c33-9ceb-de3804b0e476
[debug] &amp#27;[35m[AndroidUiautomator2Driver@bede (c6e644eb)]&amp#27;[39m Responding to client with driver.createSession() result: {"capabilities":{"platform":"LINUX","webStorageEnabled":false,"takesScreenshot":true,"javascriptEnabled":true,"databaseEnabled":false,"networkConnectionEnabled":true,"locationContextEnabled":false,"warnings":{},"desired":{"platformName":"android","app":"C:\\Users\\mucah\\Desktop\\Yeni klas��r (2)\\workspace\\AppiumFrameworkDesing\\src\\main\\java\\org\\mfk\\resources\\General-Store.apk","automationName":"UIAutomator2","deviceName":"mfkphone"},"platformName":"android","app":"C:\\Users\\mucah\\Desktop\\Yeni klas��r (2)\\workspace\\AppiumFrameworkDesing\\src\\main\\java\\org\\mfk\\resources\\General-Store.apk","automationName":"UIAutomator2","deviceName":"emulator-5554","deviceUDID":"emulator-5554","appPackage":"com.androidsample.generalstore","deviceApiLevel":33,"platformVersion":"13","deviceScreenSize":"1080x1920","deviceScreenDensity":420,"deviceModel":"sdk_gphone64_x86_64","deviceManufacturer":"Google","pixelRatio":2.625,"statBarHeight":63,"viewportRect":{"left":0,"top":63,"width":1080,"height":1794}}}
&amp#27;[35m[HTTP]&amp#27;[39m &amp#27;[37m<-- POST /session &amp#27;[39m&amp#27;[32m200&amp#27;[39m &amp#27;[90m7249 ms - 1079&amp#27;[39m
&amp#27;[35m[HTTP]&amp#27;[39m &amp#27;[90m&amp#27;[39m
&amp#27;[35m[HTTP]&amp#27;[39m &amp#27;[37m-->&amp#27;[39m &amp#27;[37mPOST&amp#27;[39m &amp#27;[37m/session/c6e644eb-1487-4c33-9ceb-de3804b0e476/timeouts&amp#27;[39m
&amp#27;[35m[HTTP]&amp#27;[39m &amp#27;[90m{"implicit":10000}&amp#27;[39m
[debug] &amp#27;[35m[AndroidUiautomator2Driver@bede (c6e644eb)]&amp#27;[39m Calling AppiumDriver.timeouts() with args: [null,null,null,null,10000,"c6e644eb-1487-4c33-9ceb-de3804b0e476"]
[debug] &amp#27;[35m[AndroidUiautomator2Driver@bede (c6e644eb)]&amp#27;[39m W3C timeout argument: {"implicit":10000}}
[debug] &amp#27;[35m[AndroidUiautomator2Driver@bede (c6e644eb)]&amp#27;[39m Set implicit wait to 10000ms
[debug] &amp#27;[35m[AndroidUiautomator2Driver@bede (c6e644eb)]&amp#27;[39m Responding to client with driver.timeouts() result: null
&amp#27;[35m[HTTP]&amp#27;[39m &amp#27;[37m<-- POST /session/c6e644eb-1487-4c33-9ceb-de3804b0e476/timeouts &amp#27;[39m&amp#27;[32m200&amp#27;[39m &amp#27;[90m3 ms - 14&amp#27;[39m
&amp#27;[35m[HTTP]&amp#27;[39m &amp#27;[90m&amp#27;[39m
&amp#27;[35m[HTTP]&amp#27;[39m &amp#27;[37m-->&amp#27;[39m &amp#27;[37mPOST&amp#27;[39m &amp#27;[37m/session/c6e644eb-1487-4c33-9ceb-de3804b0e476/appium/device/start_activity&amp#27;[39m
&amp#27;[35m[HTTP]&amp#27;[39m &amp#27;[90m{"appPackage":"com.androidsample.generalstore","appActivity":"com.androidsample.generalstore.MainActivity","appWaitPackage":"","appWaitActivity":"","dontStopAppOnReset":false,"intentAction":"","intentCategory":"","intentFlags":"","optionalIntentArguments":""}&amp#27;[39m
[debug] &amp#27;[35m[AndroidUiautomator2Driver@bede (c6e644eb)]&amp#27;[39m Calling AppiumDriver.startActivity() with args: ["com.androidsample.generalstore","com.androidsample.generalstore.MainActivity","","","","","","",false,null,null,"c6e644eb-1487-4c33-9ceb-de3804b0e476"]
[debug] &amp#27;[35m[AndroidUiautomator2Driver@bede (c6e644eb)]&amp#27;[39m Starting package 'com.androidsample.generalstore' and activity 'com.androidsample.generalstore.MainActivity'
[debug] &amp#27;[35m[ADB]&amp#27;[39m Running 'C:\Users\mucah\AppData\Local\Android\Sdk\platform-tools\adb.exe -P 5037 -s emulator-5554 shell am start -W -n com.androidsample.generalstore/com.androidsample.generalstore.MainActivity -S'
[debug] &amp#27;[35m[ADB]&amp#27;[39m Waiting up to 20000ms for activity matching pkg: 'com.androidsample.generalstore' and activity: 'com.androidsample.generalstore.MainActivity' to be focused
[debug] &amp#27;[35m[ADB]&amp#27;[39m Possible activities, to be checked: 'com.androidsample.generalstore.MainActivity', 'com.androidsample.generalstore.com.androidsample.generalstore.MainActivity'
[debug] &amp#27;[35m[ADB]&amp#27;[39m Getting focused package and activity
[debug] &amp#27;[35m[ADB]&amp#27;[39m Running 'C:\Users\mucah\AppData\Local\Android\Sdk\platform-tools\adb.exe -P 5037 -s emulator-5554 shell dumpsys window displays'
[debug] &amp#27;[35m[ADB]&amp#27;[39m Found package: 'com.androidsample.generalstore' and fully qualified activity name : 'com.androidsample.generalstore.MainActivity'
[debug] &amp#27;[35m[AndroidUiautomator2Driver@bede (c6e644eb)]&amp#27;[39m Responding to client with driver.startActivity() result: null
&amp#27;[35m[HTTP]&amp#27;[39m &amp#27;[37m<-- POST /session/c6e644eb-1487-4c33-9ceb-de3804b0e476/appium/device/start_activity &amp#27;[39m&amp#27;[32m200&amp#27;[39m &amp#27;[90m1199 ms - 14&amp#27;[39m
&amp#27;[35m[HTTP]&amp#27;[39m &amp#27;[90m&amp#27;[39m
&amp#27;[35m[HTTP]&amp#27;[39m &amp#27;[37m-->&amp#27;[39m &amp#27;[37mPOST&amp#27;[39m &amp#27;[37m/session/c6e644eb-1487-4c33-9ceb-de3804b0e476/element&amp#27;[39m
&amp#27;[35m[HTTP]&amp#27;[39m &amp#27;[90m{"using":"css selector","value":"#nameField"}&amp#27;[39m
[debug] &amp#27;[35m[AndroidUiautomator2Driver@bede (c6e644eb)]&amp#27;[39m Calling AppiumDriver.findElement() with args: ["css selector","#nameField","c6e644eb-1487-4c33-9ceb-de3804b0e476"]
[debug] &amp#27;[35m[AndroidUiautomator2Driver@bede (c6e644eb)]&amp#27;[39m Valid locator strategies for this request: xpath, id, class name, accessibility id, css selector, -android uiautomator
[debug] &amp#27;[35m[AndroidUiautomator2Driver@bede (c6e644eb)]&amp#27;[39m Waiting up to 10000 ms for condition
[debug] &amp#27;[35m[AndroidUiautomator2Driver@bede (c6e644eb)]&amp#27;[39m Matched '/element' to command name 'findElement'
[debug] &amp#27;[35m[AndroidUiautomator2Driver@bede (c6e644eb)]&amp#27;[39m Proxying [POST /element] to [POST http://127.0.0.1:8200/session/ed477f99-b2e6-4b3b-9c85-dc45042dd7bd/element] with body: {"strategy":"-android uiautomator","selector":"new UiSelector().resourceId(\"com.androidsample.generalstore:id/nameField\")","context":"","multiple":false}
[debug] &amp#27;[35m[AndroidUiautomator2Driver@bede (c6e644eb)]&amp#27;[39m Got response with status 200: {"sessionId":"ed477f99-b2e6-4b3b-9c85-dc45042dd7bd","value":{"ELEMENT":"00000000-0000-0010-ffff-ffff00000013","element-6066-11e4-a52e-4f735466cecf":"00000000-0000-0010-ffff-ffff00000013"}}
[debug] &amp#27;[35m[AndroidUiautomator2Driver@bede (c6e644eb)]&amp#27;[39m Responding to client with driver.findElement() result: {"element-6066-11e4-a52e-4f735466cecf":"00000000-0000-0010-ffff-ffff00000013","ELEMENT":"00000000-0000-0010-ffff-ffff00000013"}
&amp#27;[35m[HTTP]&amp#27;[39m &amp#27;[37m<-- POST /session/c6e644eb-1487-4c33-9ceb-de3804b0e476/element &amp#27;[39m&amp#27;[32m200&amp#27;[39m &amp#27;[90m1006 ms - 137&amp#27;[39m
&amp#27;[35m[HTTP]&amp#27;[39m &amp#27;[90m&amp#27;[39m
&amp#27;[35m[HTTP]&amp#27;[39m &amp#27;[37m-->&amp#27;[39m &amp#27;[37mPOST&amp#27;[39m &amp#27;[37m/session/c6e644eb-1487-4c33-9ceb-de3804b0e476/element/00000000-0000-0010-ffff-ffff00000013/value&amp#27;[39m
&amp#27;[35m[HTTP]&amp#27;[39m &amp#27;[90m{"id":"00000000-0000-0010-ffff-ffff00000013","text":"mfk","value":["m","f","k"]}&amp#27;[39m
[debug] &amp#27;[35m[AndroidUiautomator2Driver@bede (c6e644eb)]&amp#27;[39m Calling AppiumDriver.setValue() with args: [["m","f","k"],"00000000-0000-0010-ffff-ffff00000013","c6e644eb-1487-4c33-9ceb-de3804b0e476"]
[debug] &amp#27;[35m[AndroidUiautomator2Driver@bede (c6e644eb)]&amp#27;[39m Matched '/element/00000000-0000-0010-ffff-ffff00000013/value' to command name 'setValue'
[debug] &amp#27;[35m[AndroidUiautomator2Driver@bede (c6e644eb)]&amp#27;[39m Added 'value' property ["m","f","k"] to 'setValue' request body
[debug] &amp#27;[35m[AndroidUiautomator2Driver@bede (c6e644eb)]&amp#27;[39m Proxying [POST /element/00000000-0000-0010-ffff-ffff00000013/value] to [POST http://127.0.0.1:8200/session/ed477f99-b2e6-4b3b-9c85-dc45042dd7bd/element/00000000-0000-0010-ffff-ffff00000013/value] with body: {"elementId":"00000000-0000-0010-ffff-ffff00000013","text":"mfk","replace":false,"value":["m","f","k"]}
[debug] &amp#27;[35m[AndroidUiautomator2Driver@bede (c6e644eb)]&amp#27;[39m Got response with status 200: {"sessionId":"ed477f99-b2e6-4b3b-9c85-dc45042dd7bd","value":null}
[debug] &amp#27;[35m[AndroidUiautomator2Driver@bede (c6e644eb)]&amp#27;[39m Responding to client with driver.setValue() result: null
&amp#27;[35m[HTTP]&amp#27;[39m &amp#27;[37m<-- POST /session/c6e644eb-1487-4c33-9ceb-de3804b0e476/element/00000000-0000-0010-ffff-ffff00000013/value &amp#27;[39m&amp#27;[32m200&amp#27;[39m &amp#27;[90m566 ms - 14&amp#27;[39m
&amp#27;[35m[HTTP]&amp#27;[39m &amp#27;[90m&amp#27;[39m
&amp#27;[35m[HTTP]&amp#27;[39m &amp#27;[37m-->&amp#27;[39m &amp#27;[37mPOST&amp#27;[39m &amp#27;[37m/session/c6e644eb-1487-4c33-9ceb-de3804b0e476/appium/device/hide_keyboard&amp#27;[39m
&amp#27;[35m[HTTP]&amp#27;[39m &amp#27;[90m{}&amp#27;[39m
[debug] &amp#27;[35m[AndroidUiautomator2Driver@bede (c6e644eb)]&amp#27;[39m Calling AppiumDriver.hideKeyboard() with args: [null,null,null,null,"c6e644eb-1487-4c33-9ceb-de3804b0e476"]
[debug] &amp#27;[35m[ADB]&amp#27;[39m Running 'C:\Users\mucah\AppData\Local\Android\Sdk\platform-tools\adb.exe -P 5037 -s emulator-5554 shell dumpsys input_method'
&amp#27;[35m[ADB]&amp#27;[39m Keyboard has no UI; no closing necessary
[debug] &amp#27;[35m[AndroidUiautomator2Driver@bede (c6e644eb)]&amp#27;[39m Responding to client with driver.hideKeyboard() result: false
&amp#27;[35m[HTTP]&amp#27;[39m &amp#27;[37m<-- POST /session/c6e644eb-1487-4c33-9ceb-de3804b0e476/appium/device/hide_keyboard &amp#27;[39m&amp#27;[32m200&amp#27;[39m &amp#27;[90m253 ms - 15&amp#27;[39m
&amp#27;[35m[HTTP]&amp#27;[39m &amp#27;[90m&amp#27;[39m
&amp#27;[35m[HTTP]&amp#27;[39m &amp#27;[37m-->&amp#27;[39m &amp#27;[37mPOST&amp#27;[39m &amp#27;[37m/session/c6e644eb-1487-4c33-9ceb-de3804b0e476/element&amp#27;[39m
&amp#27;[35m[HTTP]&amp#27;[39m &amp#27;[90m{"using":"id","value":"android:id/text1"}&amp#27;[39m
[debug] &amp#27;[35m[AndroidUiautomator2Driver@bede (c6e644eb)]&amp#27;[39m Calling AppiumDriver.findElement() with args: ["id","android:id/text1","c6e644eb-1487-4c33-9ceb-de3804b0e476"]
[debug] &amp#27;[35m[AndroidUiautomator2Driver@bede (c6e644eb)]&amp#27;[39m Valid locator strategies for this request: xpath, id, class name, accessibility id, css selector, -android uiautomator
[debug] &amp#27;[35m[AndroidUiautomator2Driver@bede (c6e644eb)]&amp#27;[39m Waiting up to 10000 ms for condition
[debug] &amp#27;[35m[AndroidUiautomator2Driver@bede (c6e644eb)]&amp#27;[39m Matched '/element' to command name 'findElement'
[debug] &amp#27;[35m[AndroidUiautomator2Driver@bede (c6e644eb)]&amp#27;[39m Proxying [POST /element] to [POST http://127.0.0.1:8200/session/ed477f99-b2e6-4b3b-9c85-dc45042dd7bd/element] with body: {"strategy":"id","selector":"android:id/text1","context":"","multiple":false}
[debug] &amp#27;[35m[AndroidUiautomator2Driver@bede (c6e644eb)]&amp#27;[39m Got response with status 200: {"sessionId":"ed477f99-b2e6-4b3b-9c85-dc45042dd7bd","value":{"ELEMENT":"00000000-0000-0010-ffff-ffff0000001b","element-6066-11e4-a52e-4f735466cecf":"00000000-0000-0010-ffff-ffff0000001b"}}
[debug] &amp#27;[35m[AndroidUiautomator2Driver@bede (c6e644eb)]&amp#27;[39m Responding to client with driver.findElement() result: {"element-6066-11e4-a52e-4f735466cecf":"00000000-0000-0010-ffff-ffff0000001b","ELEMENT":"00000000-0000-0010-ffff-ffff0000001b"}
&amp#27;[35m[HTTP]&amp#27;[39m &amp#27;[37m<-- POST /session/c6e644eb-1487-4c33-9ceb-de3804b0e476/element &amp#27;[39m&amp#27;[32m200&amp#27;[39m &amp#27;[90m253 ms - 137&amp#27;[39m
&amp#27;[35m[HTTP]&amp#27;[39m &amp#27;[90m&amp#27;[39m
&amp#27;[35m[HTTP]&amp#27;[39m &amp#27;[37m-->&amp#27;[39m &amp#27;[37mPOST&amp#27;[39m &amp#27;[37m/session/c6e644eb-1487-4c33-9ceb-de3804b0e476/element/00000000-0000-0010-ffff-ffff0000001b/click&amp#27;[39m
&amp#27;[35m[HTTP]&amp#27;[39m &amp#27;[90m{"id":"00000000-0000-0010-ffff-ffff0000001b"}&amp#27;[39m
[debug] &amp#27;[35m[AndroidUiautomator2Driver@bede (c6e644eb)]&amp#27;[39m Calling AppiumDriver.click() with args: ["00000000-0000-0010-ffff-ffff0000001b","c6e644eb-1487-4c33-9ceb-de3804b0e476"]
[debug] &amp#27;[35m[AndroidUiautomator2Driver@bede (c6e644eb)]&amp#27;[39m Matched '/element/00000000-0000-0010-ffff-ffff0000001b/click' to command name 'click'
[debug] &amp#27;[35m[AndroidUiautomator2Driver@bede (c6e644eb)]&amp#27;[39m Proxying [POST /element/00000000-0000-0010-ffff-ffff0000001b/click] to [POST http://127.0.0.1:8200/session/ed477f99-b2e6-4b3b-9c85-dc45042dd7bd/element/00000000-0000-0010-ffff-ffff0000001b/click] with body: {"element":"00000000-0000-0010-ffff-ffff0000001b"}
[debug] &amp#27;[35m[AndroidUiautomator2Driver@bede (c6e644eb)]&amp#27;[39m Got response with status 200: {"sessionId":"ed477f99-b2e6-4b3b-9c85-dc45042dd7bd","value":null}
[debug] &amp#27;[35m[AndroidUiautomator2Driver@bede (c6e644eb)]&amp#27;[39m Responding to client with driver.click() result: null
&amp#27;[35m[HTTP]&amp#27;[39m &amp#27;[37m<-- POST /session/c6e644eb-1487-4c33-9ceb-de3804b0e476/element/00000000-0000-0010-ffff-ffff0000001b/click &amp#27;[39m&amp#27;[32m200&amp#27;[39m &amp#27;[90m58 ms - 14&amp#27;[39m
&amp#27;[35m[HTTP]&amp#27;[39m &amp#27;[90m&amp#27;[39m
&amp#27;[35m[HTTP]&amp#27;[39m &amp#27;[37m-->&amp#27;[39m &amp#27;[37mPOST&amp#27;[39m &amp#27;[37m/session/c6e644eb-1487-4c33-9ceb-de3804b0e476/element&amp#27;[39m
&amp#27;[35m[HTTP]&amp#27;[39m &amp#27;[90m{"using":"-android uiautomator","value":"new UiScrollable(new UiSelector()).scrollIntoView(text(\"Australia\"));"}&amp#27;[39m
[debug] &amp#27;[35m[AndroidUiautomator2Driver@bede (c6e644eb)]&amp#27;[39m Calling AppiumDriver.findElement() with args: ["-android uiautomator","new UiScrollable(new UiSelector()).scrollIntoView(text(\"Australia\"));","c6e644eb-1487-4c33-9ceb-de3804b0e476"]
[debug] &amp#27;[35m[AndroidUiautomator2Driver@bede (c6e644eb)]&amp#27;[39m Valid locator strategies for this request: xpath, id, class name, accessibility id, css selector, -android uiautomator
[debug] &amp#27;[35m[AndroidUiautomator2Driver@bede (c6e644eb)]&amp#27;[39m Waiting up to 10000 ms for condition
[debug] &amp#27;[35m[AndroidUiautomator2Driver@bede (c6e644eb)]&amp#27;[39m Matched '/element' to command name 'findElement'
[debug] &amp#27;[35m[AndroidUiautomator2Driver@bede (c6e644eb)]&amp#27;[39m Proxying [POST /element] to [POST http://127.0.0.1:8200/session/ed477f99-b2e6-4b3b-9c85-dc45042dd7bd/element] with body: {"strategy":"-android uiautomator","selector":"new UiScrollable(new UiSelector()).scrollIntoView(text(\"Australia\"));","context":"","multiple":false}
[debug] &amp#27;[35m[AndroidUiautomator2Driver@bede (c6e644eb)]&amp#27;[39m Got response with status 200: {"sessionId":"ed477f99-b2e6-4b3b-9c85-dc45042dd7bd","value":{"ELEMENT":"00000000-0000-0011-ffff-ffff00000023","element-6066-11e4-a52e-4f735466cecf":"00000000-0000-0011-ffff-ffff00000023"}}
[debug] &amp#27;[35m[AndroidUiautomator2Driver@bede (c6e644eb)]&amp#27;[39m Responding to client with driver.findElement() result: {"element-6066-11e4-a52e-4f735466cecf":"00000000-0000-0011-ffff-ffff00000023","ELEMENT":"00000000-0000-0011-ffff-ffff00000023"}
&amp#27;[35m[HTTP]&amp#27;[39m &amp#27;[37m<-- POST /session/c6e644eb-1487-4c33-9ceb-de3804b0e476/element &amp#27;[39m&amp#27;[32m200&amp#27;[39m &amp#27;[90m4050 ms - 137&amp#27;[39m
&amp#27;[35m[HTTP]&amp#27;[39m &amp#27;[90m&amp#27;[39m
&amp#27;[35m[HTTP]&amp#27;[39m &amp#27;[37m-->&amp#27;[39m &amp#27;[37mPOST&amp#27;[39m &amp#27;[37m/session/c6e644eb-1487-4c33-9ceb-de3804b0e476/element&amp#27;[39m
&amp#27;[35m[HTTP]&amp#27;[39m &amp#27;[90m{"using":"xpath","value":"//android.widget.TextView[@text='Australia']"}&amp#27;[39m
[debug] &amp#27;[35m[AndroidUiautomator2Driver@bede (c6e644eb)]&amp#27;[39m Calling AppiumDriver.findElement() with args: ["xpath","//android.widget.TextView[@text='Australia']","c6e644eb-1487-4c33-9ceb-de3804b0e476"]
[debug] &amp#27;[35m[AndroidUiautomator2Driver@bede (c6e644eb)]&amp#27;[39m Valid locator strategies for this request: xpath, id, class name, accessibility id, css selector, -android uiautomator
[debug] &amp#27;[35m[AndroidUiautomator2Driver@bede (c6e644eb)]&amp#27;[39m Waiting up to 10000 ms for condition
[debug] &amp#27;[35m[AndroidUiautomator2Driver@bede (c6e644eb)]&amp#27;[39m Matched '/element' to command name 'findElement'
[debug] &amp#27;[35m[AndroidUiautomator2Driver@bede (c6e644eb)]&amp#27;[39m Proxying [POST /element] to [POST http://127.0.0.1:8200/session/ed477f99-b2e6-4b3b-9c85-dc45042dd7bd/element] with body: {"strategy":"xpath","selector":"//android.widget.TextView[@text='Australia']","context":"","multiple":false}
[debug] &amp#27;[35m[AndroidUiautomator2Driver@bede (c6e644eb)]&amp#27;[39m Got response with status 200: {"sessionId":"ed477f99-b2e6-4b3b-9c85-dc45042dd7bd","value":{"ELEMENT":"00000000-0000-0011-ffff-ffff00000023","element-6066-11e4-a52e-4f735466cecf":"00000000-0000-0011-ffff-ffff00000023"}}
[debug] &amp#27;[35m[AndroidUiautomator2Driver@bede (c6e644eb)]&amp#27;[39m Responding to client with driver.findElement() result: {"element-6066-11e4-a52e-4f735466cecf":"00000000-0000-0011-ffff-ffff00000023","ELEMENT":"00000000-0000-0011-ffff-ffff00000023"}
&amp#27;[35m[HTTP]&amp#27;[39m &amp#27;[37m<-- POST /session/c6e644eb-1487-4c33-9ceb-de3804b0e476/element &amp#27;[39m&amp#27;[32m200&amp#27;[39m &amp#27;[90m257 ms - 137&amp#27;[39m
&amp#27;[35m[HTTP]&amp#27;[39m &amp#27;[90m&amp#27;[39m
&amp#27;[35m[HTTP]&amp#27;[39m &amp#27;[37m-->&amp#27;[39m &amp#27;[37mPOST&amp#27;[39m &amp#27;[37m/session/c6e644eb-1487-4c33-9ceb-de3804b0e476/element/00000000-0000-0011-ffff-ffff00000023/click&amp#27;[39m
&amp#27;[35m[HTTP]&amp#27;[39m &amp#27;[90m{"id":"00000000-0000-0011-ffff-ffff00000023"}&amp#27;[39m
[debug] &amp#27;[35m[AndroidUiautomator2Driver@bede (c6e644eb)]&amp#27;[39m Calling AppiumDriver.click() with args: ["00000000-0000-0011-ffff-ffff00000023","c6e644eb-1487-4c33-9ceb-de3804b0e476"]
[debug] &amp#27;[35m[AndroidUiautomator2Driver@bede (c6e644eb)]&amp#27;[39m Matched '/element/00000000-0000-0011-ffff-ffff00000023/click' to command name 'click'
[debug] &amp#27;[35m[AndroidUiautomator2Driver@bede (c6e644eb)]&amp#27;[39m Proxying [POST /element/00000000-0000-0011-ffff-ffff00000023/click] to [POST http://127.0.0.1:8200/session/ed477f99-b2e6-4b3b-9c85-dc45042dd7bd/element/00000000-0000-0011-ffff-ffff00000023/click] with body: {"element":"00000000-0000-0011-ffff-ffff00000023"}
[debug] &amp#27;[35m[AndroidUiautomator2Driver@bede (c6e644eb)]&amp#27;[39m Got response with status 200: {"sessionId":"ed477f99-b2e6-4b3b-9c85-dc45042dd7bd","value":null}
[debug] &amp#27;[35m[AndroidUiautomator2Driver@bede (c6e644eb)]&amp#27;[39m Responding to client with driver.click() result: null
&amp#27;[35m[HTTP]&amp#27;[39m &amp#27;[37m<-- POST /session/c6e644eb-1487-4c33-9ceb-de3804b0e476/element/00000000-0000-0011-ffff-ffff00000023/click &amp#27;[39m&amp#27;[32m200&amp#27;[39m &amp#27;[90m653 ms - 14&amp#27;[39m
&amp#27;[35m[HTTP]&amp#27;[39m &amp#27;[90m&amp#27;[39m
&amp#27;[35m[HTTP]&amp#27;[39m &amp#27;[37m-->&amp#27;[39m &amp#27;[37mPOST&amp#27;[39m &amp#27;[37m/session/c6e644eb-1487-4c33-9ceb-de3804b0e476/element&amp#27;[39m
&amp#27;[35m[HTTP]&amp#27;[39m &amp#27;[90m{"using":"id","value":"com.androidsample.generalstore:id/radioFemale"}&amp#27;[39m
[debug] &amp#27;[35m[AndroidUiautomator2Driver@bede (c6e644eb)]&amp#27;[39m Calling AppiumDriver.findElement() with args: ["id","com.androidsample.generalstore:id/radioFemale","c6e644eb-1487-4c33-9ceb-de3804b0e476"]
[debug] &amp#27;[35m[AndroidUiautomator2Driver@bede (c6e644eb)]&amp#27;[39m Valid locator strategies for this request: xpath, id, class name, accessibility id, css selector, -android uiautomator
[debug] &amp#27;[35m[AndroidUiautomator2Driver@bede (c6e644eb)]&amp#27;[39m Waiting up to 10000 ms for condition
[debug] &amp#27;[35m[AndroidUiautomator2Driver@bede (c6e644eb)]&amp#27;[39m Matched '/element' to command name 'findElement'
[debug] &amp#27;[35m[AndroidUiautomator2Driver@bede (c6e644eb)]&amp#27;[39m Proxying [POST /element] to [POST http://127.0.0.1:8200/session/ed477f99-b2e6-4b3b-9c85-dc45042dd7bd/element] with body: {"strategy":"id","selector":"com.androidsample.generalstore:id/radioFemale","context":"","multiple":false}
[debug] &amp#27;[35m[AndroidUiautomator2Driver@bede (c6e644eb)]&amp#27;[39m Got response with status 200: {"sessionId":"ed477f99-b2e6-4b3b-9c85-dc45042dd7bd","value":{"ELEMENT":"00000000-0000-0010-ffff-ffff00000017","element-6066-11e4-a52e-4f735466cecf":"00000000-0000-0010-ffff-ffff00000017"}}
[debug] &amp#27;[35m[AndroidUiautomator2Driver@bede (c6e644eb)]&amp#27;[39m Responding to client with driver.findElement() result: {"element-6066-11e4-a52e-4f735466cecf":"00000000-0000-0010-ffff-ffff00000017","ELEMENT":"00000000-0000-0010-ffff-ffff00000017"}
&amp#27;[35m[HTTP]&amp#27;[39m &amp#27;[37m<-- POST /session/c6e644eb-1487-4c33-9ceb-de3804b0e476/element &amp#27;[39m&amp#27;[32m200&amp#27;[39m &amp#27;[90m17 ms - 137&amp#27;[39m
&amp#27;[35m[HTTP]&amp#27;[39m &amp#27;[90m&amp#27;[39m
&amp#27;[35m[HTTP]&amp#27;[39m &amp#27;[37m-->&amp#27;[39m &amp#27;[37mPOST&amp#27;[39m &amp#27;[37m/session/c6e644eb-1487-4c33-9ceb-de3804b0e476/element/00000000-0000-0010-ffff-ffff00000017/click&amp#27;[39m
&amp#27;[35m[HTTP]&amp#27;[39m &amp#27;[90m{"id":"00000000-0000-0010-ffff-ffff00000017"}&amp#27;[39m
[debug] &amp#27;[35m[AndroidUiautomator2Driver@bede (c6e644eb)]&amp#27;[39m Calling AppiumDriver.click() with args: ["00000000-0000-0010-ffff-ffff00000017","c6e644eb-1487-4c33-9ceb-de3804b0e476"]
[debug] &amp#27;[35m[AndroidUiautomator2Driver@bede (c6e644eb)]&amp#27;[39m Matched '/element/00000000-0000-0010-ffff-ffff00000017/click' to command name 'click'
[debug] &amp#27;[35m[AndroidUiautomator2Driver@bede (c6e644eb)]&amp#27;[39m Proxying [POST /element/00000000-0000-0010-ffff-ffff00000017/click] to [POST http://127.0.0.1:8200/session/ed477f99-b2e6-4b3b-9c85-dc45042dd7bd/element/00000000-0000-0010-ffff-ffff00000017/click] with body: {"element":"00000000-0000-0010-ffff-ffff00000017"}
[debug] &amp#27;[35m[AndroidUiautomator2Driver@bede (c6e644eb)]&amp#27;[39m Got response with status 200: {"sessionId":"ed477f99-b2e6-4b3b-9c85-dc45042dd7bd","value":null}
[debug] &amp#27;[35m[AndroidUiautomator2Driver@bede (c6e644eb)]&amp#27;[39m Responding to client with driver.click() result: null
&amp#27;[35m[HTTP]&amp#27;[39m &amp#27;[37m<-- POST /session/c6e644eb-1487-4c33-9ceb-de3804b0e476/element/00000000-0000-0010-ffff-ffff00000017/click &amp#27;[39m&amp#27;[32m200&amp#27;[39m &amp#27;[90m33 ms - 14&amp#27;[39m
&amp#27;[35m[HTTP]&amp#27;[39m &amp#27;[90m&amp#27;[39m
&amp#27;[35m[HTTP]&amp#27;[39m &amp#27;[37m-->&amp#27;[39m &amp#27;[37mPOST&amp#27;[39m &amp#27;[37m/session/c6e644eb-1487-4c33-9ceb-de3804b0e476/element&amp#27;[39m
&amp#27;[35m[HTTP]&amp#27;[39m &amp#27;[90m{"using":"id","value":"com.androidsample.generalstore:id/btnLetsShop"}&amp#27;[39m
[debug] &amp#27;[35m[AndroidUiautomator2Driver@bede (c6e644eb)]&amp#27;[39m Calling AppiumDriver.findElement() with args: ["id","com.androidsample.generalstore:id/btnLetsShop","c6e644eb-1487-4c33-9ceb-de3804b0e476"]
[debug] &amp#27;[35m[AndroidUiautomator2Driver@bede (c6e644eb)]&amp#27;[39m Valid locator strategies for this request: xpath, id, class name, accessibility id, css selector, -android uiautomator
[debug] &amp#27;[35m[AndroidUiautomator2Driver@bede (c6e644eb)]&amp#27;[39m Waiting up to 10000 ms for condition
[debug] &amp#27;[35m[AndroidUiautomator2Driver@bede (c6e644eb)]&amp#27;[39m Matched '/element' to command name 'findElement'
[debug] &amp#27;[35m[AndroidUiautomator2Driver@bede (c6e644eb)]&amp#27;[39m Proxying [POST /element] to [POST http://127.0.0.1:8200/session/ed477f99-b2e6-4b3b-9c85-dc45042dd7bd/element] with body: {"strategy":"id","selector":"com.androidsample.generalstore:id/btnLetsShop","context":"","multiple":false}
[debug] &amp#27;[35m[AndroidUiautomator2Driver@bede (c6e644eb)]&amp#27;[39m Got response with status 200: {"sessionId":"ed477f99-b2e6-4b3b-9c85-dc45042dd7bd","value":{"ELEMENT":"00000000-0000-0010-ffff-ffff00000018","element-6066-11e4-a52e-4f735466cecf":"00000000-0000-0010-ffff-ffff00000018"}}
[debug] &amp#27;[35m[AndroidUiautomator2Driver@bede (c6e644eb)]&amp#27;[39m Responding to client with driver.findElement() result: {"element-6066-11e4-a52e-4f735466cecf":"00000000-0000-0010-ffff-ffff00000018","ELEMENT":"00000000-0000-0010-ffff-ffff00000018"}
&amp#27;[35m[HTTP]&amp#27;[39m &amp#27;[37m<-- POST /session/c6e644eb-1487-4c33-9ceb-de3804b0e476/element &amp#27;[39m&amp#27;[32m200&amp#27;[39m &amp#27;[90m38 ms - 137&amp#27;[39m
&amp#27;[35m[HTTP]&amp#27;[39m &amp#27;[90m&amp#27;[39m
&amp#27;[35m[HTTP]&amp#27;[39m &amp#27;[37m-->&amp#27;[39m &amp#27;[37mPOST&amp#27;[39m &amp#27;[37m/session/c6e644eb-1487-4c33-9ceb-de3804b0e476/element/00000000-0000-0010-ffff-ffff00000018/click&amp#27;[39m
&amp#27;[35m[HTTP]&amp#27;[39m &amp#27;[90m{"id":"00000000-0000-0010-ffff-ffff00000018"}&amp#27;[39m
[debug] &amp#27;[35m[AndroidUiautomator2Driver@bede (c6e644eb)]&amp#27;[39m Calling AppiumDriver.click() with args: ["00000000-0000-0010-ffff-ffff00000018","c6e644eb-1487-4c33-9ceb-de3804b0e476"]
[debug] &amp#27;[35m[AndroidUiautomator2Driver@bede (c6e644eb)]&amp#27;[39m Matched '/element/00000000-0000-0010-ffff-ffff00000018/click' to command name 'click'
[debug] &amp#27;[35m[AndroidUiautomator2Driver@bede (c6e644eb)]&amp#27;[39m Proxying [POST /element/00000000-0000-0010-ffff-ffff00000018/click] to [POST http://127.0.0.1:8200/session/ed477f99-b2e6-4b3b-9c85-dc45042dd7bd/element/00000000-0000-0010-ffff-ffff00000018/click] with body: {"element":"00000000-0000-0010-ffff-ffff00000018"}
[debug] &amp#27;[35m[AndroidUiautomator2Driver@bede (c6e644eb)]&amp#27;[39m Got response with status 200: {"sessionId":"ed477f99-b2e6-4b3b-9c85-dc45042dd7bd","value":null}
[debug] &amp#27;[35m[AndroidUiautomator2Driver@bede (c6e644eb)]&amp#27;[39m Responding to client with driver.click() result: null
&amp#27;[35m[HTTP]&amp#27;[39m &amp#27;[37m<-- POST /session/c6e644eb-1487-4c33-9ceb-de3804b0e476/element/00000000-0000-0010-ffff-ffff00000018/click &amp#27;[39m&amp#27;[32m200&amp#27;[39m &amp#27;[90m587 ms - 14&amp#27;[39m
&amp#27;[35m[HTTP]&amp#27;[39m &amp#27;[90m&amp#27;[39m
&amp#27;[35m[HTTP]&amp#27;[39m &amp#27;[37m-->&amp#27;[39m &amp#27;[37mPOST&amp#27;[39m &amp#27;[37m/session/c6e644eb-1487-4c33-9ceb-de3804b0e476/elements&amp#27;[39m
&amp#27;[35m[HTTP]&amp#27;[39m &amp#27;[90m{"using":"xpath","value":"//android.widget.TextView[@text='ADD TO CART']"}&amp#27;[39m
[debug] &amp#27;[35m[AndroidUiautomator2Driver@bede (c6e644eb)]&amp#27;[39m Calling AppiumDriver.findElements() with args: ["xpath","//android.widget.TextView[@text='ADD TO CART']","c6e644eb-1487-4c33-9ceb-de3804b0e476"]
[debug] &amp#27;[35m[AndroidUiautomator2Driver@bede (c6e644eb)]&amp#27;[39m Valid locator strategies for this request: xpath, id, class name, accessibility id, css selector, -android uiautomator
[debug] &amp#27;[35m[AndroidUiautomator2Driver@bede (c6e644eb)]&amp#27;[39m Waiting up to 10000 ms for condition
[debug] &amp#27;[35m[AndroidUiautomator2Driver@bede (c6e644eb)]&amp#27;[39m Matched '/elements' to command name 'findElements'
[debug] &amp#27;[35m[AndroidUiautomator2Driver@bede (c6e644eb)]&amp#27;[39m Proxying [POST /elements] to [POST http://127.0.0.1:8200/session/ed477f99-b2e6-4b3b-9c85-dc45042dd7bd/elements] with body: {"strategy":"xpath","selector":"//android.widget.TextView[@text='ADD TO CART']","context":"","multiple":true}
[debug] &amp#27;[35m[AndroidUiautomator2Driver@bede (c6e644eb)]&amp#27;[39m Got response with status 200: {"sessionId":"ed477f99-b2e6-4b3b-9c85-dc45042dd7bd","value":[]}
[debug] &amp#27;[35m[AndroidUiautomator2Driver@bede (c6e644eb)]&amp#27;[39m Waited for 163 ms so far
[debug] &amp#27;[35m[AndroidUiautomator2Driver@bede (c6e644eb)]&amp#27;[39m Matched '/elements' to command name 'findElements'
[debug] &amp#27;[35m[AndroidUiautomator2Driver@bede (c6e644eb)]&amp#27;[39m Proxying [POST /elements] to [POST http://127.0.0.1:8200/session/ed477f99-b2e6-4b3b-9c85-dc45042dd7bd/elements] with body: {"strategy":"xpath","selector":"//android.widget.TextView[@text='ADD TO CART']","context":"","multiple":true}
[debug] &amp#27;[35m[AndroidUiautomator2Driver@bede (c6e644eb)]&amp#27;[39m Got response with status 200: {"sessionId":"ed477f99-b2e6-4b3b-9c85-dc45042dd7bd","value":[{"ELEMENT":"00000000-0000-0012-ffff-ffff00000047","element-6066-11e4-a52e-4f735466cecf":"00000000-0000-0012-ffff-ffff00000047"},{"ELEMENT":"00000000-0000-0012-ffff-ffff0000004f","element-6066-11e4-a52e-4f735466cecf":"00000000-0000-0012-ffff-ffff0000004f"}]}
[debug] &amp#27;[35m[AndroidUiautomator2Driver@bede (c6e644eb)]&amp#27;[39m Responding to client with driver.findElements() result: [{"element-6066-11e4-a52e-4f735466cecf":"00000000-0000-0012-ffff-ffff00000047","ELEMENT":"00000000-0000-0012-ffff-ffff00000047"},{"element-6066-11e4-a52e-4f735466cecf":"00000000-0000-0012-ffff-ffff0000004f","ELEMENT":"00000000-0000-0012-ffff-ffff0000004f"}]
&amp#27;[35m[HTTP]&amp#27;[39m &amp#27;[37m<-- POST /session/c6e644eb-1487-4c33-9ceb-de3804b0e476/elements &amp#27;[39m&amp#27;[32m200&amp#27;[39m &amp#27;[90m1216 ms - 267&amp#27;[39m
&amp#27;[35m[HTTP]&amp#27;[39m &amp#27;[90m&amp#27;[39m
&amp#27;[35m[HTTP]&amp#27;[39m &amp#27;[37m-->&amp#27;[39m &amp#27;[37mPOST&amp#27;[39m &amp#27;[37m/session/c6e644eb-1487-4c33-9ceb-de3804b0e476/element/00000000-0000-0012-ffff-ffff00000047/click&amp#27;[39m
&amp#27;[35m[HTTP]&amp#27;[39m &amp#27;[90m{"id":"00000000-0000-0012-ffff-ffff00000047"}&amp#27;[39m
[debug] &amp#27;[35m[AndroidUiautomator2Driver@bede (c6e644eb)]&amp#27;[39m Calling AppiumDriver.click() with args: ["00000000-0000-0012-ffff-ffff00000047","c6e644eb-1487-4c33-9ceb-de3804b0e476"]
[debug] &amp#27;[35m[AndroidUiautomator2Driver@bede (c6e644eb)]&amp#27;[39m Matched '/element/00000000-0000-0012-ffff-ffff00000047/click' to command name 'click'
[debug] &amp#27;[35m[AndroidUiautomator2Driver@bede (c6e644eb)]&amp#27;[39m Proxying [POST /element/00000000-0000-0012-ffff-ffff00000047/click] to [POST http://127.0.0.1:8200/session/ed477f99-b2e6-4b3b-9c85-dc45042dd7bd/element/00000000-0000-0012-ffff-ffff00000047/click] with body: {"element":"00000000-0000-0012-ffff-ffff00000047"}
[debug] &amp#27;[35m[AndroidUiautomator2Driver@bede (c6e644eb)]&amp#27;[39m Got response with status 200: {"sessionId":"ed477f99-b2e6-4b3b-9c85-dc45042dd7bd","value":null}
[debug] &amp#27;[35m[AndroidUiautomator2Driver@bede (c6e644eb)]&amp#27;[39m Responding to client with driver.click() result: null
&amp#27;[35m[HTTP]&amp#27;[39m &amp#27;[37m<-- POST /session/c6e644eb-1487-4c33-9ceb-de3804b0e476/element/00000000-0000-0012-ffff-ffff00000047/click &amp#27;[39m&amp#27;[32m200&amp#27;[39m &amp#27;[90m526 ms - 14&amp#27;[39m
&amp#27;[35m[HTTP]&amp#27;[39m &amp#27;[90m&amp#27;[39m
&amp#27;[35m[HTTP]&amp#27;[39m &amp#27;[37m-->&amp#27;[39m &amp#27;[37mPOST&amp#27;[39m &amp#27;[37m/session/c6e644eb-1487-4c33-9ceb-de3804b0e476/element&amp#27;[39m
&amp#27;[35m[HTTP]&amp#27;[39m &amp#27;[90m{"using":"-android uiautomator","value":"new UiScrollable(new UiSelector()).scrollIntoView(text(\"Jordan 6 Rings\"));"}&amp#27;[39m
[debug] &amp#27;[35m[AndroidUiautomator2Driver@bede (c6e644eb)]&amp#27;[39m Calling AppiumDriver.findElement() with args: ["-android uiautomator","new UiScrollable(new UiSelector()).scrollIntoView(text(\"Jordan 6 Rings\"));","c6e644eb-1487-4c33-9ceb-de3804b0e476"]
[debug] &amp#27;[35m[AndroidUiautomator2Driver@bede (c6e644eb)]&amp#27;[39m Valid locator strategies for this request: xpath, id, class name, accessibility id, css selector, -android uiautomator
[debug] &amp#27;[35m[AndroidUiautomator2Driver@bede (c6e644eb)]&amp#27;[39m Waiting up to 10000 ms for condition
[debug] &amp#27;[35m[AndroidUiautomator2Driver@bede (c6e644eb)]&amp#27;[39m Matched '/element' to command name 'findElement'
[debug] &amp#27;[35m[AndroidUiautomator2Driver@bede (c6e644eb)]&amp#27;[39m Proxying [POST /element] to [POST http://127.0.0.1:8200/session/ed477f99-b2e6-4b3b-9c85-dc45042dd7bd/element] with body: {"strategy":"-android uiautomator","selector":"new UiScrollable(new UiSelector()).scrollIntoView(text(\"Jordan 6 Rings\"));","context":"","multiple":false}
[debug] &amp#27;[35m[AndroidUiautomator2Driver@bede (c6e644eb)]&amp#27;[39m Got response with status 200: {"sessionId":"ed477f99-b2e6-4b3b-9c85-dc45042dd7bd","value":{"ELEMENT":"00000000-0000-0012-ffff-ffff0000006c","element-6066-11e4-a52e-4f735466cecf":"00000000-0000-0012-ffff-ffff0000006c"}}
[debug] &amp#27;[35m[AndroidUiautomator2Driver@bede (c6e644eb)]&amp#27;[39m Responding to client with driver.findElement() result: {"element-6066-11e4-a52e-4f735466cecf":"00000000-0000-0012-ffff-ffff0000006c","ELEMENT":"00000000-0000-0012-ffff-ffff0000006c"}
&amp#27;[35m[HTTP]&amp#27;[39m &amp#27;[37m<-- POST /session/c6e644eb-1487-4c33-9ceb-de3804b0e476/element &amp#27;[39m&amp#27;[32m200&amp#27;[39m &amp#27;[90m5419 ms - 137&amp#27;[39m
&amp#27;[35m[HTTP]&amp#27;[39m &amp#27;[90m&amp#27;[39m
&amp#27;[35m[HTTP]&amp#27;[39m &amp#27;[37m-->&amp#27;[39m &amp#27;[37mPOST&amp#27;[39m &amp#27;[37m/session/c6e644eb-1487-4c33-9ceb-de3804b0e476/elements&amp#27;[39m
&amp#27;[35m[HTTP]&amp#27;[39m &amp#27;[90m{"using":"id","value":"com.androidsample.generalstore:id/productName"}&amp#27;[39m
[debug] &amp#27;[35m[AndroidUiautomator2Driver@bede (c6e644eb)]&amp#27;[39m Calling AppiumDriver.findElements() with args: ["id","com.androidsample.generalstore:id/productName","c6e644eb-1487-4c33-9ceb-de3804b0e476"]
[debug] &amp#27;[35m[AndroidUiautomator2Driver@bede (c6e644eb)]&amp#27;[39m Valid locator strategies for this request: xpath, id, class name, accessibility id, css selector, -android uiautomator
[debug] &amp#27;[35m[AndroidUiautomator2Driver@bede (c6e644eb)]&amp#27;[39m Waiting up to 10000 ms for condition
[debug] &amp#27;[35m[AndroidUiautomator2Driver@bede (c6e644eb)]&amp#27;[39m Matched '/elements' to command name 'findElements'
[debug] &amp#27;[35m[AndroidUiautomator2Driver@bede (c6e644eb)]&amp#27;[39m Proxying [POST /elements] to [POST http://127.0.0.1:8200/session/ed477f99-b2e6-4b3b-9c85-dc45042dd7bd/elements] with body: {"strategy":"id","selector":"com.androidsample.generalstore:id/productName","context":"","multiple":true}
[debug] &amp#27;[35m[AndroidUiautomator2Driver@bede (c6e644eb)]&amp#27;[39m Got response with status 200: {"sessionId":"ed477f99-b2e6-4b3b-9c85-dc45042dd7bd","value":[{"ELEMENT":"00000000-0000-0012-ffff-ffff00000064","element-6066-11e4-a52e-4f735466cecf":"00000000-0000-0012-ffff-ffff00000064"},{"ELEMENT":"00000000-0000-0012-ffff-ffff0000006c","element-6066-11e4-a52e-4f735466cecf":"00000000-0000-0012-ffff-ffff0000006c"}]}
[debug] &amp#27;[35m[AndroidUiautomator2Driver@bede (c6e644eb)]&amp#27;[39m Responding to client with driver.findElements() result: [{"element-6066-11e4-a52e-4f735466cecf":"00000000-0000-0012-ffff-ffff00000064","ELEMENT":"00000000-0000-0012-ffff-ffff00000064"},{"element-6066-11e4-a52e-4f735466cecf":"00000000-0000-0012-ffff-ffff0000006c","ELEMENT":"00000000-0000-0012-ffff-ffff0000006c"}]
&amp#27;[35m[HTTP]&amp#27;[39m &amp#27;[37m<-- POST /session/c6e644eb-1487-4c33-9ceb-de3804b0e476/elements &amp#27;[39m&amp#27;[32m200&amp#27;[39m &amp#27;[90m20 ms - 267&amp#27;[39m
&amp#27;[35m[HTTP]&amp#27;[39m &amp#27;[90m&amp#27;[39m
&amp#27;[35m[HTTP]&amp#27;[39m &amp#27;[37m-->&amp#27;[39m &amp#27;[37mPOST&amp#27;[39m &amp#27;[37m/session/c6e644eb-1487-4c33-9ceb-de3804b0e476/elements&amp#27;[39m
&amp#27;[35m[HTTP]&amp#27;[39m &amp#27;[90m{"using":"id","value":"com.androidsample.generalstore:id/productName"}&amp#27;[39m
[debug] &amp#27;[35m[AndroidUiautomator2Driver@bede (c6e644eb)]&amp#27;[39m Calling AppiumDriver.findElements() with args: ["id","com.androidsample.generalstore:id/productName","c6e644eb-1487-4c33-9ceb-de3804b0e476"]
[debug] &amp#27;[35m[AndroidUiautomator2Driver@bede (c6e644eb)]&amp#27;[39m Valid locator strategies for this request: xpath, id, class name, accessibility id, css selector, -android uiautomator
[debug] &amp#27;[35m[AndroidUiautomator2Driver@bede (c6e644eb)]&amp#27;[39m Waiting up to 10000 ms for condition
[debug] &amp#27;[35m[AndroidUiautomator2Driver@bede (c6e644eb)]&amp#27;[39m Matched '/elements' to command name 'findElements'
[debug] &amp#27;[35m[AndroidUiautomator2Driver@bede (c6e644eb)]&amp#27;[39m Proxying [POST /elements] to [POST http://127.0.0.1:8200/session/ed477f99-b2e6-4b3b-9c85-dc45042dd7bd/elements] with body: {"strategy":"id","selector":"com.androidsample.generalstore:id/productName","context":"","multiple":true}
[debug] &amp#27;[35m[AndroidUiautomator2Driver@bede (c6e644eb)]&amp#27;[39m Got response with status 200: {"sessionId":"ed477f99-b2e6-4b3b-9c85-dc45042dd7bd","value":[{"ELEMENT":"00000000-0000-0012-ffff-ffff00000064","element-6066-11e4-a52e-4f735466cecf":"00000000-0000-0012-ffff-ffff00000064"},{"ELEMENT":"00000000-0000-0012-ffff-ffff0000006c","element-6066-11e4-a52e-4f735466cecf":"00000000-0000-0012-ffff-ffff0000006c"}]}
[debug] &amp#27;[35m[AndroidUiautomator2Driver@bede (c6e644eb)]&amp#27;[39m Responding to client with driver.findElements() result: [{"element-6066-11e4-a52e-4f735466cecf":"00000000-0000-0012-ffff-ffff00000064","ELEMENT":"00000000-0000-0012-ffff-ffff00000064"},{"element-6066-11e4-a52e-4f735466cecf":"00000000-0000-0012-ffff-ffff0000006c","ELEMENT":"00000000-0000-0012-ffff-ffff0000006c"}]
&amp#27;[35m[HTTP]&amp#27;[39m &amp#27;[37m<-- POST /session/c6e644eb-1487-4c33-9ceb-de3804b0e476/elements &amp#27;[39m&amp#27;[32m200&amp#27;[39m &amp#27;[90m19 ms - 267&amp#27;[39m
&amp#27;[35m[HTTP]&amp#27;[39m &amp#27;[90m&amp#27;[39m
&amp#27;[35m[HTTP]&amp#27;[39m &amp#27;[37m-->&amp#27;[39m &amp#27;[37mGET&amp#27;[39m &amp#27;[37m/session/c6e644eb-1487-4c33-9ceb-de3804b0e476/element/00000000-0000-0012-ffff-ffff00000064/text&amp#27;[39m
&amp#27;[35m[HTTP]&amp#27;[39m &amp#27;[90m{}&amp#27;[39m
&amp#27;[35m[AndroidUiautomator2Driver@bede (c6e644eb)]&amp#27;[39m Driver proxy active, passing request on via HTTP proxy
[debug] &amp#27;[35m[AndroidUiautomator2Driver@bede (c6e644eb)]&amp#27;[39m Matched '/session/c6e644eb-1487-4c33-9ceb-de3804b0e476/element/00000000-0000-0012-ffff-ffff00000064/text' to command name 'getText'
[debug] &amp#27;[35m[AndroidUiautomator2Driver@bede (c6e644eb)]&amp#27;[39m Proxying [GET /session/c6e644eb-1487-4c33-9ceb-de3804b0e476/element/00000000-0000-0012-ffff-ffff00000064/text] to [GET http://127.0.0.1:8200/session/ed477f99-b2e6-4b3b-9c85-dc45042dd7bd/element/00000000-0000-0012-ffff-ffff00000064/text] with no body
[debug] &amp#27;[35m[AndroidUiautomator2Driver@bede (c6e644eb)]&amp#27;[39m Got response with status 200: {"sessionId":"ed477f99-b2e6-4b3b-9c85-dc45042dd7bd","value":"Air Jordan 9 Retro"}
&amp#27;[35m[AndroidUiautomator2Driver@bede (c6e644eb)]&amp#27;[39m Replacing sessionId ed477f99-b2e6-4b3b-9c85-dc45042dd7bd with c6e644eb-1487-4c33-9ceb-de3804b0e476
&amp#27;[35m[HTTP]&amp#27;[39m &amp#27;[37m<-- GET /session/c6e644eb-1487-4c33-9ceb-de3804b0e476/element/00000000-0000-0012-ffff-ffff00000064/text &amp#27;[39m&amp#27;[32m200&amp#27;[39m &amp#27;[90m8 ms - 81&amp#27;[39m
&amp#27;[35m[HTTP]&amp#27;[39m &amp#27;[90m&amp#27;[39m
&amp#27;[35m[HTTP]&amp#27;[39m &amp#27;[37m-->&amp#27;[39m &amp#27;[37mPOST&amp#27;[39m &amp#27;[37m/session/c6e644eb-1487-4c33-9ceb-de3804b0e476/elements&amp#27;[39m
&amp#27;[35m[HTTP]&amp#27;[39m &amp#27;[90m{"using":"id","value":"com.androidsample.generalstore:id/productName"}&amp#27;[39m
[debug] &amp#27;[35m[AndroidUiautomator2Driver@bede (c6e644eb)]&amp#27;[39m Calling AppiumDriver.findElements() with args: ["id","com.androidsample.generalstore:id/productName","c6e644eb-1487-4c33-9ceb-de3804b0e476"]
[debug] &amp#27;[35m[AndroidUiautomator2Driver@bede (c6e644eb)]&amp#27;[39m Valid locator strategies for this request: xpath, id, class name, accessibility id, css selector, -android uiautomator
[debug] &amp#27;[35m[AndroidUiautomator2Driver@bede (c6e644eb)]&amp#27;[39m Waiting up to 10000 ms for condition
[debug] &amp#27;[35m[AndroidUiautomator2Driver@bede (c6e644eb)]&amp#27;[39m Matched '/elements' to command name 'findElements'
[debug] &amp#27;[35m[AndroidUiautomator2Driver@bede (c6e644eb)]&amp#27;[39m Proxying [POST /elements] to [POST http://127.0.0.1:8200/session/ed477f99-b2e6-4b3b-9c85-dc45042dd7bd/elements] with body: {"strategy":"id","selector":"com.androidsample.generalstore:id/productName","context":"","multiple":true}
[debug] &amp#27;[35m[AndroidUiautomator2Driver@bede (c6e644eb)]&amp#27;[39m Got response with status 200: {"sessionId":"ed477f99-b2e6-4b3b-9c85-dc45042dd7bd","value":[{"ELEMENT":"00000000-0000-0012-ffff-ffff00000064","element-6066-11e4-a52e-4f735466cecf":"00000000-0000-0012-ffff-ffff00000064"},{"ELEMENT":"00000000-0000-0012-ffff-ffff0000006c","element-6066-11e4-a52e-4f735466cecf":"00000000-0000-0012-ffff-ffff0000006c"}]}
[debug] &amp#27;[35m[AndroidUiautomator2Driver@bede (c6e644eb)]&amp#27;[39m Responding to client with driver.findElements() result: [{"element-6066-11e4-a52e-4f735466cecf":"00000000-0000-0012-ffff-ffff00000064","ELEMENT":"00000000-0000-0012-ffff-ffff00000064"},{"element-6066-11e4-a52e-4f735466cecf":"00000000-0000-0012-ffff-ffff0000006c","ELEMENT":"00000000-0000-0012-ffff-ffff0000006c"}]
&amp#27;[35m[HTTP]&amp#27;[39m &amp#27;[37m<-- POST /session/c6e644eb-1487-4c33-9ceb-de3804b0e476/elements &amp#27;[39m&amp#27;[32m200&amp#27;[39m &amp#27;[90m19 ms - 267&amp#27;[39m
&amp#27;[35m[HTTP]&amp#27;[39m &amp#27;[90m&amp#27;[39m
&amp#27;[35m[HTTP]&amp#27;[39m &amp#27;[37m-->&amp#27;[39m &amp#27;[37mGET&amp#27;[39m &amp#27;[37m/session/c6e644eb-1487-4c33-9ceb-de3804b0e476/element/00000000-0000-0012-ffff-ffff0000006c/text&amp#27;[39m
&amp#27;[35m[HTTP]&amp#27;[39m &amp#27;[90m{}&amp#27;[39m
&amp#27;[35m[AndroidUiautomator2Driver@bede (c6e644eb)]&amp#27;[39m Driver proxy active, passing request on via HTTP proxy
[debug] &amp#27;[35m[AndroidUiautomator2Driver@bede (c6e644eb)]&amp#27;[39m Matched '/session/c6e644eb-1487-4c33-9ceb-de3804b0e476/element/00000000-0000-0012-ffff-ffff0000006c/text' to command name 'getText'
[debug] &amp#27;[35m[AndroidUiautomator2Driver@bede (c6e644eb)]&amp#27;[39m Proxying [GET /session/c6e644eb-1487-4c33-9ceb-de3804b0e476/element/00000000-0000-0012-ffff-ffff0000006c/text] to [GET http://127.0.0.1:8200/session/ed477f99-b2e6-4b3b-9c85-dc45042dd7bd/element/00000000-0000-0012-ffff-ffff0000006c/text] with no body
[debug] &amp#27;[35m[AndroidUiautomator2Driver@bede (c6e644eb)]&amp#27;[39m Got response with status 200: {"sessionId":"ed477f99-b2e6-4b3b-9c85-dc45042dd7bd","value":"Jordan 6 Rings"}
&amp#27;[35m[AndroidUiautomator2Driver@bede (c6e644eb)]&amp#27;[39m Replacing sessionId ed477f99-b2e6-4b3b-9c85-dc45042dd7bd with c6e644eb-1487-4c33-9ceb-de3804b0e476
&amp#27;[35m[HTTP]&amp#27;[39m &amp#27;[37m<-- GET /session/c6e644eb-1487-4c33-9ceb-de3804b0e476/element/00000000-0000-0012-ffff-ffff0000006c/text &amp#27;[39m&amp#27;[32m200&amp#27;[39m &amp#27;[90m8 ms - 77&amp#27;[39m
&amp#27;[35m[HTTP]&amp#27;[39m &amp#27;[90m&amp#27;[39m
&amp#27;[35m[HTTP]&amp#27;[39m &amp#27;[37m-->&amp#27;[39m &amp#27;[37mPOST&amp#27;[39m &amp#27;[37m/session/c6e644eb-1487-4c33-9ceb-de3804b0e476/elements&amp#27;[39m
&amp#27;[35m[HTTP]&amp#27;[39m &amp#27;[90m{"using":"xpath","value":"//android.widget.TextView[@text='ADD TO CART']"}&amp#27;[39m
[debug] &amp#27;[35m[AndroidUiautomator2Driver@bede (c6e644eb)]&amp#27;[39m Calling AppiumDriver.findElements() with args: ["xpath","//android.widget.TextView[@text='ADD TO CART']","c6e644eb-1487-4c33-9ceb-de3804b0e476"]
[debug] &amp#27;[35m[AndroidUiautomator2Driver@bede (c6e644eb)]&amp#27;[39m Valid locator strategies for this request: xpath, id, class name, accessibility id, css selector, -android uiautomator
[debug] &amp#27;[35m[AndroidUiautomator2Driver@bede (c6e644eb)]&amp#27;[39m Waiting up to 10000 ms for condition
[debug] &amp#27;[35m[AndroidUiautomator2Driver@bede (c6e644eb)]&amp#27;[39m Matched '/elements' to command name 'findElements'
[debug] &amp#27;[35m[AndroidUiautomator2Driver@bede (c6e644eb)]&amp#27;[39m Proxying [POST /elements] to [POST http://127.0.0.1:8200/session/ed477f99-b2e6-4b3b-9c85-dc45042dd7bd/elements] with body: {"strategy":"xpath","selector":"//android.widget.TextView[@text='ADD TO CART']","context":"","multiple":true}
[debug] &amp#27;[35m[AndroidUiautomator2Driver@bede (c6e644eb)]&amp#27;[39m Got response with status 200: {"sessionId":"ed477f99-b2e6-4b3b-9c85-dc45042dd7bd","value":[{"ELEMENT":"00000000-0000-0012-ffff-ffff00000068","element-6066-11e4-a52e-4f735466cecf":"00000000-0000-0012-ffff-ffff00000068"},{"ELEMENT":"00000000-0000-0012-ffff-ffff00000070","element-6066-11e4-a52e-4f735466cecf":"00000000-0000-0012-ffff-ffff00000070"}]}
[debug] &amp#27;[35m[AndroidUiautomator2Driver@bede (c6e644eb)]&amp#27;[39m Responding to client with driver.findElements() result: [{"element-6066-11e4-a52e-4f735466cecf":"00000000-0000-0012-ffff-ffff00000068","ELEMENT":"00000000-0000-0012-ffff-ffff00000068"},{"element-6066-11e4-a52e-4f735466cecf":"00000000-0000-0012-ffff-ffff00000070","ELEMENT":"00000000-0000-0012-ffff-ffff00000070"}]
&amp#27;[35m[HTTP]&amp#27;[39m &amp#27;[37m<-- POST /session/c6e644eb-1487-4c33-9ceb-de3804b0e476/elements &amp#27;[39m&amp#27;[32m200&amp#27;[39m &amp#27;[90m35 ms - 267&amp#27;[39m
&amp#27;[35m[HTTP]&amp#27;[39m &amp#27;[90m&amp#27;[39m
&amp#27;[35m[HTTP]&amp#27;[39m &amp#27;[37m-->&amp#27;[39m &amp#27;[37mPOST&amp#27;[39m &amp#27;[37m/session/c6e644eb-1487-4c33-9ceb-de3804b0e476/element/00000000-0000-0012-ffff-ffff00000070/click&amp#27;[39m
&amp#27;[35m[HTTP]&amp#27;[39m &amp#27;[90m{"id":"00000000-0000-0012-ffff-ffff00000070"}&amp#27;[39m
[debug] &amp#27;[35m[AndroidUiautomator2Driver@bede (c6e644eb)]&amp#27;[39m Calling AppiumDriver.click() with args: ["00000000-0000-0012-ffff-ffff00000070","c6e644eb-1487-4c33-9ceb-de3804b0e476"]
[debug] &amp#27;[35m[AndroidUiautomator2Driver@bede (c6e644eb)]&amp#27;[39m Matched '/element/00000000-0000-0012-ffff-ffff00000070/click' to command name 'click'
[debug] &amp#27;[35m[AndroidUiautomator2Driver@bede (c6e644eb)]&amp#27;[39m Proxying [POST /element/00000000-0000-0012-ffff-ffff00000070/click] to [POST http://127.0.0.1:8200/session/ed477f99-b2e6-4b3b-9c85-dc45042dd7bd/element/00000000-0000-0012-ffff-ffff00000070/click] with body: {"element":"00000000-0000-0012-ffff-ffff00000070"}
[debug] &amp#27;[35m[AndroidUiautomator2Driver@bede (c6e644eb)]&amp#27;[39m Got response with status 200: {"sessionId":"ed477f99-b2e6-4b3b-9c85-dc45042dd7bd","value":null}
[debug] &amp#27;[35m[AndroidUiautomator2Driver@bede (c6e644eb)]&amp#27;[39m Responding to client with driver.click() result: null
&amp#27;[35m[HTTP]&amp#27;[39m &amp#27;[37m<-- POST /session/c6e644eb-1487-4c33-9ceb-de3804b0e476/element/00000000-0000-0012-ffff-ffff00000070/click &amp#27;[39m&amp#27;[32m200&amp#27;[39m &amp#27;[90m41 ms - 14&amp#27;[39m
&amp#27;[35m[HTTP]&amp#27;[39m &amp#27;[90m&amp#27;[39m
&amp#27;[35m[HTTP]&amp#27;[39m &amp#27;[37m-->&amp#27;[39m &amp#27;[37mPOST&amp#27;[39m &amp#27;[37m/session/c6e644eb-1487-4c33-9ceb-de3804b0e476/element&amp#27;[39m
&amp#27;[35m[HTTP]&amp#27;[39m &amp#27;[90m{"using":"id","value":"com.androidsample.generalstore:id/appbar_btn_cart"}&amp#27;[39m
[debug] &amp#27;[35m[AndroidUiautomator2Driver@bede (c6e644eb)]&amp#27;[39m Calling AppiumDriver.findElement() with args: ["id","com.androidsample.generalstore:id/appbar_btn_cart","c6e644eb-1487-4c33-9ceb-de3804b0e476"]
[debug] &amp#27;[35m[AndroidUiautomator2Driver@bede (c6e644eb)]&amp#27;[39m Valid locator strategies for this request: xpath, id, class name, accessibility id, css selector, -android uiautomator
[debug] &amp#27;[35m[AndroidUiautomator2Driver@bede (c6e644eb)]&amp#27;[39m Waiting up to 10000 ms for condition
[debug] &amp#27;[35m[AndroidUiautomator2Driver@bede (c6e644eb)]&amp#27;[39m Matched '/element' to command name 'findElement'
[...]
[debug] &amp#27;[35m[AndroidUiautomator2Driver@07cf (1b5e3697)]&amp#27;[39m Matched '/element/00000000-0000-002d-ffff-ffff00000017/click' to command name 'click'
[debug] &amp#27;[35m[AndroidUiautomator2Driver@07cf (1b5e3697)]&amp#27;[39m Proxying [POST /element/00000000-0000-002d-ffff-ffff00000017/click] to [POST http://127.0.0.1:8200/session/ea3c67ff-3ad8-4cf5-806a-4d930dc5744d/element/00000000-0000-002d-ffff-ffff00000017/click] with body: {"element":"00000000-0000-002d-ffff-ffff00000017"}
[debug] &amp#27;[35m[AndroidUiautomator2Driver@07cf (1b5e3697)]&amp#27;[39m Got response with status 200: {"sessionId":"ea3c67ff-3ad8-4cf5-806a-4d930dc5744d","value":null}
[debug] &amp#27;[35m[AndroidUiautomator2Driver@07cf (1b5e3697)]&amp#27;[39m Responding to client with driver.click() result: null
&amp#27;[35m[HTTP]&amp#27;[39m &amp#27;[37m<-- POST /session/1b5e3697-ac61-415e-9b7d-408693bd6248/element/00000000-0000-002d-ffff-ffff00000017/click &amp#27;[39m&amp#27;[32m200&amp#27;[39m &amp#27;[90m43 ms - 14&amp#27;[39m
&amp#27;[35m[HTTP]&amp#27;[39m &amp#27;[90m&amp#27;[39m
&amp#27;[35m[HTTP]&amp#27;[39m &amp#27;[37m-->&amp#27;[39m &amp#27;[37mPOST&amp#27;[39m &amp#27;[37m/session/1b5e3697-ac61-415e-9b7d-408693bd6248/element&amp#27;[39m
&amp#27;[35m[HTTP]&amp#27;[39m &amp#27;[90m{"using":"id","value":"com.androidsample.generalstore:id/btnLetsShop"}&amp#27;[39m
[debug] &amp#27;[35m[AndroidUiautomator2Driver@07cf (1b5e3697)]&amp#27;[39m Calling AppiumDriver.findElement() with args: ["id","com.androidsample.generalstore:id/btnLetsShop","1b5e3697-ac61-415e-9b7d-408693bd6248"]
[debug] &amp#27;[35m[AndroidUiautomator2Driver@07cf (1b5e3697)]&amp#27;[39m Valid locator strategies for this request: xpath, id, class name, accessibility id, css selector, -android uiautomator
[debug] &amp#27;[35m[AndroidUiautomator2Driver@07cf (1b5e3697)]&amp#27;[39m Waiting up to 10000 ms for condition
[debug] &amp#27;[35m[AndroidUiautomator2Driver@07cf (1b5e3697)]&amp#27;[39m Matched '/element' to command name 'findElement'
[debug] &amp#27;[35m[AndroidUiautomator2Driver@07cf (1b5e3697)]&amp#27;[39m Proxying [POST /element] to [POST http://127.0.0.1:8200/session/ea3c67ff-3ad8-4cf5-806a-4d930dc5744d/element] with body: {"strategy":"id","selector":"com.androidsample.generalstore:id/btnLetsShop","context":"","multiple":false}
[debug] &amp#27;[35m[AndroidUiautomator2Driver@07cf (1b5e3697)]&amp#27;[39m Got response with status 200: {"sessionId":"ea3c67ff-3ad8-4cf5-806a-4d930dc5744d","value":{"ELEMENT":"00000000-0000-002d-ffff-ffff00000018","element-6066-11e4-a52e-4f735466cecf":"00000000-0000-002d-ffff-ffff00000018"}}
[debug] &amp#27;[35m[AndroidUiautomator2Driver@07cf (1b5e3697)]&amp#27;[39m Responding to client with driver.findElement() result: {"element-6066-11e4-a52e-4f735466cecf":"00000000-0000-002d-ffff-ffff00000018","ELEMENT":"00000000-0000-002d-ffff-ffff00000018"}
&amp#27;[35m[HTTP]&amp#27;[39m &amp#27;[37m<-- POST /session/1b5e3697-ac61-415e-9b7d-408693bd6248/element &amp#27;[39m&amp#27;[32m200&amp#27;[39m &amp#27;[90m36 ms - 137&amp#27;[39m
&amp#27;[35m[HTTP]&amp#27;[39m &amp#27;[90m&amp#27;[39m
&amp#27;[35m[HTTP]&amp#27;[39m &amp#27;[37m-->&amp#27;[39m &amp#27;[37mPOST&amp#27;[39m &amp#27;[37m/session/1b5e3697-ac61-415e-9b7d-408693bd6248/element/00000000-0000-002d-ffff-ffff00000018/click&amp#27;[39m
&amp#27;[35m[HTTP]&amp#27;[39m &amp#27;[90m{"id":"00000000-0000-002d-ffff-ffff00000018"}&amp#27;[39m
[debug] &amp#27;[35m[AndroidUiautomator2Driver@07cf (1b5e3697)]&amp#27;[39m Calling AppiumDriver.click() with args: ["00000000-0000-002d-ffff-ffff00000018","1b5e3697-ac61-415e-9b7d-408693bd6248"]
[debug] &amp#27;[35m[AndroidUiautomator2Driver@07cf (1b5e3697)]&amp#27;[39m Matched '/element/00000000-0000-002d-ffff-ffff00000018/click' to command name 'click'
[debug] &amp#27;[35m[AndroidUiautomator2Driver@07cf (1b5e3697)]&amp#27;[39m Proxying [POST /element/00000000-0000-002d-ffff-ffff00000018/click] to [POST http://127.0.0.1:8200/session/ea3c67ff-3ad8-4cf5-806a-4d930dc5744d/element/00000000-0000-002d-ffff-ffff00000018/click] with body: {"element":"00000000-0000-002d-ffff-ffff00000018"}
[debug] &amp#27;[35m[AndroidUiautomator2Driver@07cf (1b5e3697)]&amp#27;[39m Got response with status 200: {"sessionId":"ea3c67ff-3ad8-4cf5-806a-4d930dc5744d","value":null}
[debug] &amp#27;[35m[AndroidUiautomator2Driver@07cf (1b5e3697)]&amp#27;[39m Responding to client with driver.click() result: null
&amp#27;[35m[HTTP]&amp#27;[39m &amp#27;[37m<-- POST /session/1b5e3697-ac61-415e-9b7d-408693bd6248/element/00000000-0000-002d-ffff-ffff00000018/click &amp#27;[39m&amp#27;[32m200&amp#27;[39m &amp#27;[90m624 ms - 14&amp#27;[39m
&amp#27;[35m[HTTP]&amp#27;[39m &amp#27;[90m&amp#27;[39m
&amp#27;[35m[HTTP]&amp#27;[39m &amp#27;[37m-->&amp#27;[39m &amp#27;[37mPOST&amp#27;[39m &amp#27;[37m/session/1b5e3697-ac61-415e-9b7d-408693bd6248/elements&amp#27;[39m
&amp#27;[35m[HTTP]&amp#27;[39m &amp#27;[90m{"using":"xpath","value":"/hierarchy/android.widget.Toast[1]"}&amp#27;[39m
[debug] &amp#27;[35m[AndroidUiautomator2Driver@07cf (1b5e3697)]&amp#27;[39m Calling AppiumDriver.findElements() with args: ["xpath","/hierarchy/android.widget.Toast[1]","1b5e3697-ac61-415e-9b7d-408693bd6248"]
[debug] &amp#27;[35m[AndroidUiautomator2Driver@07cf (1b5e3697)]&amp#27;[39m Valid locator strategies for this request: xpath, id, class name, accessibility id, css selector, -android uiautomator
[debug] &amp#27;[35m[AndroidUiautomator2Driver@07cf (1b5e3697)]&amp#27;[39m Waiting up to 10000 ms for condition
[debug] &amp#27;[35m[AndroidUiautomator2Driver@07cf (1b5e3697)]&amp#27;[39m Matched '/elements' to command name 'findElements'
[debug] &amp#27;[35m[AndroidUiautomator2Driver@07cf (1b5e3697)]&amp#27;[39m Proxying [POST /elements] to [POST http://127.0.0.1:8200/session/ea3c67ff-3ad8-4cf5-806a-4d930dc5744d/elements] with body: {"strategy":"xpath","selector":"/hierarchy/android.widget.Toast[1]","context":"","multiple":true}
[debug] &amp#27;[35m[AndroidUiautomator2Driver@07cf (1b5e3697)]&amp#27;[39m Got response with status 200: {"sessionId":"ea3c67ff-3ad8-4cf5-806a-4d930dc5744d","value":[]}
[debug] &amp#27;[35m[AndroidUiautomator2Driver@07cf (1b5e3697)]&amp#27;[39m Waited for 245 ms so far
[debug] &amp#27;[35m[AndroidUiautomator2Driver@07cf (1b5e3697)]&amp#27;[39m Matched '/elements' to command name 'findElements'
[debug] &amp#27;[35m[AndroidUiautomator2Driver@07cf (1b5e3697)]&amp#27;[39m Proxying [POST /elements] to [POST http://127.0.0.1:8200/session/ea3c67ff-3ad8-4cf5-806a-4d930dc5744d/elements] with body: {"strategy":"xpath","selector":"/hierarchy/android.widget.Toast[1]","context":"","multiple":true}
[debug] &amp#27;[35m[AndroidUiautomator2Driver@07cf (1b5e3697)]&amp#27;[39m Got response with status 200: {"sessionId":"ea3c67ff-3ad8-4cf5-806a-4d930dc5744d","value":[]}
[debug] &amp#27;[35m[AndroidUiautomator2Driver@07cf (1b5e3697)]&amp#27;[39m Waited for 793 ms so far
[debug] &amp#27;[35m[AndroidUiautomator2Driver@07cf (1b5e3697)]&amp#27;[39m Matched '/elements' to command name 'findElements'
[debug] &amp#27;[35m[AndroidUiautomator2Driver@07cf (1b5e3697)]&amp#27;[39m Proxying [POST /elements] to [POST http://127.0.0.1:8200/session/ea3c67ff-3ad8-4cf5-806a-4d930dc5744d/elements] with body: {"strategy":"xpath","selector":"/hierarchy/android.widget.Toast[1]","context":"","multiple":true}
[debug] &amp#27;[35m[AndroidUiautomator2Driver@07cf (1b5e3697)]&amp#27;[39m Got response with status 200: {"sessionId":"ea3c67ff-3ad8-4cf5-806a-4d930dc5744d","value":[]}
[debug] &amp#27;[35m[AndroidUiautomator2Driver@07cf (1b5e3697)]&amp#27;[39m Waited for 1339 ms so far
[debug] &amp#27;[35m[AndroidUiautomator2Driver@07cf (1b5e3697)]&amp#27;[39m Matched '/elements' to command name 'findElements'
[debug] &amp#27;[35m[AndroidUiautomator2Driver@07cf (1b5e3697)]&amp#27;[39m Proxying [POST /elements] to [POST http://127.0.0.1:8200/session/ea3c67ff-3ad8-4cf5-806a-4d930dc5744d/elements] with body: {"strategy":"xpath","selector":"/hierarchy/android.widget.Toast[1]","context":"","multiple":true}
[debug] &amp#27;[35m[AndroidUiautomator2Driver@07cf (1b5e3697)]&amp#27;[39m Got response with status 200: {"sessionId":"ea3c67ff-3ad8-4cf5-806a-4d930dc5744d","value":[]}
[debug] &amp#27;[35m[AndroidUiautomator2Driver@07cf (1b5e3697)]&amp#27;[39m Waited for 1876 ms so far
[debug] &amp#27;[35m[AndroidUiautomator2Driver@07cf (1b5e3697)]&amp#27;[39m Matched '/elements' to command name 'findElements'
[debug] &amp#27;[35m[AndroidUiautomator2Driver@07cf (1b5e3697)]&amp#27;[39m Proxying [POST /elements] to [POST http://127.0.0.1:8200/session/ea3c67ff-3ad8-4cf5-806a-4d930dc5744d/elements] with body: {"strategy":"xpath","selector":"/hierarchy/android.widget.Toast[1]","context":"","multiple":true}
[debug] &amp#27;[35m[AndroidUiautomator2Driver@07cf (1b5e3697)]&amp#27;[39m Got response with status 200: {"sessionId":"ea3c67ff-3ad8-4cf5-806a-4d930dc5744d","value":[]}
[debug] &amp#27;[35m[AndroidUiautomator2Driver@07cf (1b5e3697)]&amp#27;[39m Waited for 2408 ms so far
[debug] &amp#27;[35m[AndroidUiautomator2Driver@07cf (1b5e3697)]&amp#27;[39m Matched '/elements' to command name 'findElements'
[debug] &amp#27;[35m[AndroidUiautomator2Driver@07cf (1b5e3697)]&amp#27;[39m Proxying [POST /elements] to [POST http://127.0.0.1:8200/session/ea3c67ff-3ad8-4cf5-806a-4d930dc5744d/elements] with body: {"strategy":"xpath","selector":"/hierarchy/android.widget.Toast[1]","context":"","multiple":true}
[debug] &amp#27;[35m[AndroidUiautomator2Driver@07cf (1b5e3697)]&amp#27;[39m Got response with status 200: {"sessionId":"ea3c67ff-3ad8-4cf5-806a-4d930dc5744d","value":[]}
[debug] &amp#27;[35m[AndroidUiautomator2Driver@07cf (1b5e3697)]&amp#27;[39m Waited for 2953 ms so far
[debug] &amp#27;[35m[AndroidUiautomator2Driver@07cf (1b5e3697)]&amp#27;[39m Matched '/elements' to command name 'findElements'
[debug] &amp#27;[35m[AndroidUiautomator2Driver@07cf (1b5e3697)]&amp#27;[39m Proxying [POST /elements] to [POST http://127.0.0.1:8200/session/ea3c67ff-3ad8-4cf5-806a-4d930dc5744d/elements] with body: {"strategy":"xpath","selector":"/hierarchy/android.widget.Toast[1]","context":"","multiple":true}
[debug] &amp#27;[35m[AndroidUiautomator2Driver@07cf (1b5e3697)]&amp#27;[39m Got response with status 200: {"sessionId":"ea3c67ff-3ad8-4cf5-806a-4d930dc5744d","value":[]}
[debug] &amp#27;[35m[AndroidUiautomator2Driver@07cf (1b5e3697)]&amp#27;[39m Waited for 3480 ms so far
[debug] &amp#27;[35m[AndroidUiautomator2Driver@07cf (1b5e3697)]&amp#27;[39m Matched '/elements' to command name 'findElements'
[debug] &amp#27;[35m[AndroidUiautomator2Driver@07cf (1b5e3697)]&amp#27;[39m Proxying [POST /elements] to [POST http://127.0.0.1:8200/session/ea3c67ff-3ad8-4cf5-806a-4d930dc5744d/elements] with body: {"strategy":"xpath","selector":"/hierarchy/android.widget.Toast[1]","context":"","multiple":true}
[debug] &amp#27;[35m[AndroidUiautomator2Driver@07cf (1b5e3697)]&amp#27;[39m Got response with status 200: {"sessionId":"ea3c67ff-3ad8-4cf5-806a-4d930dc5744d","value":[]}
[debug] &amp#27;[35m[AndroidUiautomator2Driver@07cf (1b5e3697)]&amp#27;[39m Waited for 4022 ms so far
[debug] &amp#27;[35m[AndroidUiautomator2Driver@07cf (1b5e3697)]&amp#27;[39m Matched '/elements' to command name 'findElements'
[debug] &amp#27;[35m[AndroidUiautomator2Driver@07cf (1b5e3697)]&amp#27;[39m Proxying [POST /elements] to [POST http://127.0.0.1:8200/session/ea3c67ff-3ad8-4cf5-806a-4d930dc5744d/elements] with body: {"strategy":"xpath","selector":"/hierarchy/android.widget.Toast[1]","context":"","multiple":true}
[debug] &amp#27;[35m[AndroidUiautomator2Driver@07cf (1b5e3697)]&amp#27;[39m Got response with status 200: {"sessionId":"ea3c67ff-3ad8-4cf5-806a-4d930dc5744d","value":[]}
[debug] &amp#27;[35m[AndroidUiautomator2Driver@07cf (1b5e3697)]&amp#27;[39m Waited for 4561 ms so far
[debug] &amp#27;[35m[AndroidUiautomator2Driver@07cf (1b5e3697)]&amp#27;[39m Matched '/elements' to command name 'findElements'
[debug] &amp#27;[35m[AndroidUiautomator2Driver@07cf (1b5e3697)]&amp#27;[39m Proxying [POST /elements] to [POST http://127.0.0.1:8200/session/ea3c67ff-3ad8-4cf5-806a-4d930dc5744d/elements] with body: {"strategy":"xpath","selector":"/hierarchy/android.widget.Toast[1]","context":"","multiple":true}
[debug] &amp#27;[35m[AndroidUiautomator2Driver@07cf (1b5e3697)]&amp#27;[39m Got response with status 200: {"sessionId":"ea3c67ff-3ad8-4cf5-806a-4d930dc5744d","value":[]}
[debug] &amp#27;[35m[AndroidUiautomator2Driver@07cf (1b5e3697)]&amp#27;[39m Waited for 5099 ms so far
[debug] &amp#27;[35m[AndroidUiautomator2Driver@07cf (1b5e3697)]&amp#27;[39m Matched '/elements' to command name 'findElements'
[debug] &amp#27;[35m[AndroidUiautomator2Driver@07cf (1b5e3697)]&amp#27;[39m Proxying [POST /elements] to [POST http://127.0.0.1:8200/session/ea3c67ff-3ad8-4cf5-806a-4d930dc5744d/elements] with body: {"strategy":"xpath","selector":"/hierarchy/android.widget.Toast[1]","context":"","multiple":true}
[debug] &amp#27;[35m[AndroidUiautomator2Driver@07cf (1b5e3697)]&amp#27;[39m Got response with status 200: {"sessionId":"ea3c67ff-3ad8-4cf5-806a-4d930dc5744d","value":[]}
[debug] &amp#27;[35m[AndroidUiautomator2Driver@07cf (1b5e3697)]&amp#27;[39m Waited for 5643 ms so far
[debug] &amp#27;[35m[AndroidUiautomator2Driver@07cf (1b5e3697)]&amp#27;[39m Matched '/elements' to command name 'findElements'
[debug] &amp#27;[35m[AndroidUiautomator2Driver@07cf (1b5e3697)]&amp#27;[39m Proxying [POST /elements] to [POST http://127.0.0.1:8200/session/ea3c67ff-3ad8-4cf5-806a-4d930dc5744d/elements] with body: {"strategy":"xpath","selector":"/hierarchy/android.widget.Toast[1]","context":"","multiple":true}
[debug] &amp#27;[35m[AndroidUiautomator2Driver@07cf (1b5e3697)]&amp#27;[39m Got response with status 200: {"sessionId":"ea3c67ff-3ad8-4cf5-806a-4d930dc5744d","value":[]}
[debug] &amp#27;[35m[AndroidUiautomator2Driver@07cf (1b5e3697)]&amp#27;[39m Waited for 6181 ms so far
[debug] &amp#27;[35m[AndroidUiautomator2Driver@07cf (1b5e3697)]&amp#27;[39m Matched '/elements' to command name 'findElements'
[debug] &amp#27;[35m[AndroidUiautomator2Driver@07cf (1b5e3697)]&amp#27;[39m Proxying [POST /elements] to [POST http://127.0.0.1:8200/session/ea3c67ff-3ad8-4cf5-806a-4d930dc5744d/elements] with body: {"strategy":"xpath","selector":"/hierarchy/android.widget.Toast[1]","context":"","multiple":true}
[debug] &amp#27;[35m[AndroidUiautomator2Driver@07cf (1b5e3697)]&amp#27;[39m Got response with status 200: {"sessionId":"ea3c67ff-3ad8-4cf5-806a-4d930dc5744d","value":[]}
[debug] &amp#27;[35m[AndroidUiautomator2Driver@07cf (1b5e3697)]&amp#27;[39m Waited for 6718 ms so far
[debug] &amp#27;[35m[AndroidUiautomator2Driver@07cf (1b5e3697)]&amp#27;[39m Matched '/elements' to command name 'findElements'
[debug] &amp#27;[35m[AndroidUiautomator2Driver@07cf (1b5e3697)]&amp#27;[39m Proxying [POST /elements] to [POST http://127.0.0.1:8200/session/ea3c67ff-3ad8-4cf5-806a-4d930dc5744d/elements] with body: {"strategy":"xpath","selector":"/hierarchy/android.widget.Toast[1]","context":"","multiple":true}
[debug] &amp#27;[35m[AndroidUiautomator2Driver@07cf (1b5e3697)]&amp#27;[39m Got response with status 200: {"sessionId":"ea3c67ff-3ad8-4cf5-806a-4d930dc5744d","value":[]}
[debug] &amp#27;[35m[AndroidUiautomator2Driver@07cf (1b5e3697)]&amp#27;[39m Waited for 7249 ms so far
[debug] &amp#27;[35m[AndroidUiautomator2Driver@07cf (1b5e3697)]&amp#27;[39m Matched '/elements' to command name 'findElements'
[debug] &amp#27;[35m[AndroidUiautomator2Driver@07cf (1b5e3697)]&amp#27;[39m Proxying [POST /elements] to [POST http://127.0.0.1:8200/session/ea3c67ff-3ad8-4cf5-806a-4d930dc5744d/elements] with body: {"strategy":"xpath","selector":"/hierarchy/android.widget.Toast[1]","context":"","multiple":true}
[debug] &amp#27;[35m[AndroidUiautomator2Driver@07cf (1b5e3697)]&amp#27;[39m Got response with status 200: {"sessionId":"ea3c67ff-3ad8-4cf5-806a-4d930dc5744d","value":[]}
[debug] &amp#27;[35m[AndroidUiautomator2Driver@07cf (1b5e3697)]&amp#27;[39m Waited for 7786 ms so far
[debug] &amp#27;[35m[AndroidUiautomator2Driver@07cf (1b5e3697)]&amp#27;[39m Matched '/elements' to command name 'findElements'
[debug] &amp#27;[35m[AndroidUiautomator2Driver@07cf (1b5e3697)]&amp#27;[39m Proxying [POST /elements] to [POST http://127.0.0.1:8200/session/ea3c67ff-3ad8-4cf5-806a-4d930dc5744d/elements] with body: {"strategy":"xpath","selector":"/hierarchy/android.widget.Toast[1]","context":"","multiple":true}
[debug] &amp#27;[35m[AndroidUiautomator2Driver@07cf (1b5e3697)]&amp#27;[39m Got response with status 200: {"sessionId":"ea3c67ff-3ad8-4cf5-806a-4d930dc5744d","value":[]}
[debug] &amp#27;[35m[AndroidUiautomator2Driver@07cf (1b5e3697)]&amp#27;[39m Waited for 8320 ms so far
[debug] &amp#27;[35m[AndroidUiautomator2Driver@07cf (1b5e3697)]&amp#27;[39m Matched '/elements' to command name 'findElements'
[debug] &amp#27;[35m[AndroidUiautomator2Driver@07cf (1b5e3697)]&amp#27;[39m Proxying [POST /elements] to [POST http://127.0.0.1:8200/session/ea3c67ff-3ad8-4cf5-806a-4d930dc5744d/elements] with body: {"strategy":"xpath","selector":"/hierarchy/android.widget.Toast[1]","context":"","multiple":true}
[debug] &amp#27;[35m[AndroidUiautomator2Driver@07cf (1b5e3697)]&amp#27;[39m Got response with status 200: {"sessionId":"ea3c67ff-3ad8-4cf5-806a-4d930dc5744d","value":[]}
[debug] &amp#27;[35m[AndroidUiautomator2Driver@07cf (1b5e3697)]&amp#27;[39m Waited for 8851 ms so far
[debug] &amp#27;[35m[AndroidUiautomator2Driver@07cf (1b5e3697)]&amp#27;[39m Matched '/elements' to command name 'findElements'
[debug] &amp#27;[35m[AndroidUiautomator2Driver@07cf (1b5e3697)]&amp#27;[39m Proxying [POST /elements] to [POST http://127.0.0.1:8200/session/ea3c67ff-3ad8-4cf5-806a-4d930dc5744d/elements] with body: {"strategy":"xpath","selector":"/hierarchy/android.widget.Toast[1]","context":"","multiple":true}
[debug] &amp#27;[35m[AndroidUiautomator2Driver@07cf (1b5e3697)]&amp#27;[39m Got response with status 200: {"sessionId":"ea3c67ff-3ad8-4cf5-806a-4d930dc5744d","value":[]}
[debug] &amp#27;[35m[AndroidUiautomator2Driver@07cf (1b5e3697)]&amp#27;[39m Waited for 9385 ms so far
[debug] &amp#27;[35m[AndroidUiautomator2Driver@07cf (1b5e3697)]&amp#27;[39m Matched '/elements' to command name 'findElements'
[debug] &amp#27;[35m[AndroidUiautomator2Driver@07cf (1b5e3697)]&amp#27;[39m Proxying [POST /elements] to [POST http://127.0.0.1:8200/session/ea3c67ff-3ad8-4cf5-806a-4d930dc5744d/elements] with body: {"strategy":"xpath","selector":"/hierarchy/android.widget.Toast[1]","context":"","multiple":true}
[debug] &amp#27;[35m[AndroidUiautomator2Driver@07cf (1b5e3697)]&amp#27;[39m Got response with status 200: {"sessionId":"ea3c67ff-3ad8-4cf5-806a-4d930dc5744d","value":[]}
[debug] &amp#27;[35m[AndroidUiautomator2Driver@07cf (1b5e3697)]&amp#27;[39m Waited for 9915 ms so far
[debug] &amp#27;[35m[AndroidUiautomator2Driver@07cf (1b5e3697)]&amp#27;[39m Matched '/elements' to command name 'findElements'
[debug] &amp#27;[35m[AndroidUiautomator2Driver@07cf (1b5e3697)]&amp#27;[39m Proxying [POST /elements] to [POST http://127.0.0.1:8200/session/ea3c67ff-3ad8-4cf5-806a-4d930dc5744d/elements] with body: {"strategy":"xpath","selector":"/hierarchy/android.widget.Toast[1]","context":"","multiple":true}
[debug] &amp#27;[35m[AndroidUiautomator2Driver@07cf (1b5e3697)]&amp#27;[39m Got response with status 200: {"sessionId":"ea3c67ff-3ad8-4cf5-806a-4d930dc5744d","value":[]}
[debug] &amp#27;[35m[AndroidUiautomator2Driver@07cf (1b5e3697)]&amp#27;[39m Responding to client with driver.findElements() result: []
&amp#27;[35m[HTTP]&amp#27;[39m &amp#27;[37m<-- POST /session/1b5e3697-ac61-415e-9b7d-408693bd6248/elements &amp#27;[39m&amp#27;[32m200&amp#27;[39m &amp#27;[90m10039 ms - 12&amp#27;[39m
&amp#27;[35m[HTTP]&amp#27;[39m &amp#27;[90m&amp#27;[39m
]]></system-out>
  </testcase>
</testsuite>