<?xml version="1.0" encoding="UTF-8"?>
<!-- Generated by org.testng.reporters.JUnitReportReporter -->
<testsuite hostname="DESKTOP-F8PBCD9" failures="0" tests="2" name="org.mfk.eCommerce_tc_4_Hybrid" time="43.320" errors="0" timestamp="2022-12-12T22:32:11 TRT" skipped="0">
  <testcase classname="org.mfk.eCommerce_tc_4_Hybrid" name="Hybrid" time="20.711"/>
  <system-out/>
  <testcase classname="org.mfk.eCommerce_tc_4_Hybrid" name="Hybrid" time="22.609"/>
  <system-out/>
</testsuite> <!-- org.mfk.eCommerce_tc_4_Hybrid -->
